2019-09-27 16:19:28: 122005  act submit call
2019-09-27 16:19:28: JQXHR response text 
2019-09-27 16:19:28: Status error
2019-09-27 16:19:28: Error 
2019-09-27 16:38:12: 122005  act view campaign detail
2019-09-27 16:38:12: JQXHR response text <!DOCTYPE html>
<html lang="en">
<head>
<meta charset="utf-8">
<title>Database Error</title>
<style type="text/css">

::selection { background-color: #E13300; color: white; }
::-moz-selection { background-color: #E13300; color: white; }

body {
	background-color: #fff;
	margin: 40px;
	font: 13px/20px normal Helvetica, Arial, sans-serif;
	color: #4F5155;
}

a {
	color: #003399;
	background-color: transparent;
	font-weight: normal;
}

h1 {
	color: #444;
	background-color: transparent;
	border-bottom: 1px solid #D0D0D0;
	font-size: 19px;
	font-weight: normal;
	margin: 0 0 14px 0;
	padding: 14px 15px 10px 15px;
}

code {
	font-family: Consolas, Monaco, Courier New, Courier, monospace;
	font-size: 12px;
	background-color: #f9f9f9;
	border: 1px solid #D0D0D0;
	color: #002166;
	display: block;
	margin: 14px 0 14px 0;
	padding: 12px 10px 12px 10px;
}

#container {
	margin: 10px;
	border: 1px solid #D0D0D0;
	box-shadow: 0 0 8px #D0D0D0;
}

p {
	margin: 12px 15px 12px 15px;
}
</style>
</head>
<body>
	<div id="container">
		<h1>A Database Error Occurred</h1>
		<p>Error Number: 1021</p><p>Disk full (/var/tmp/#sql_1c89_2); waiting for someone to free some space...</p><p>SELECT `a`.`data_id`, `a`.`data_id`, `a`.`form_nama`, `a`.`form_mobile_phone`, `a`.`form_usia_`, `a`.`form_jenis_kelamin`, `a`.`form_status_pernikahan`, `a`.`form_bank`, `a`.`form_account_bank`, `a`.`form_city`, `a`.`form_asuransi`, `a`.`form_email`, `a`.`form_agent`, `a`.`form_dob`, `a`.`form_status`, `d`.`retries`, `d`.`call_status`, `a`.`form_nama`, `a`.`form_mobile_phone`, `a`.`form_usia_`, `a`.`form_jenis_kelamin`, `a`.`form_status_pernikahan`, `a`.`form_bank`, `a`.`form_account_bank`, `a`.`form_city`, `a`.`form_asuransi`, `a`.`form_email`, `a`.`form_agent`, `a`.`form_dob`, `a`.`form_status`, `d`.`retries`, `d`.`call_status`, `d`.`retries`, `d`.`call_date`, `d`.`call_status`, `a`.`status`, `a`.`note`, `a`.`callback`
FROM `data_campaign_590` `a`
LEFT JOIN (SELECT x.data_id, COUNT(x.data_id) retries, x.attemp_date call_date, x.call_status FROM call_attemp_590 x JOIN (SELECT data_id, MAX(attemp_date) call_date FROM call_attemp_590 GROUP BY data_id) y ON x.data_id=y.data_id AND x.attemp_date=y.call_date GROUP BY x.data_id) d ON `d`.`data_id`=`a`.`data_id`
WHERE   (
`d`.`call_status` <> 'Wrong Number'
OR `d`.`call_status` IS NULL
 )
AND   (
`a`.`assign_id` = '7334'
OR `a`.`assign_id` =0
 )
AND `d`.`call_status` = 'Callback'
AND `a`.`callback` <= '2019-09-27 16:40:12'
ORDER BY `a`.`form_nama` DESC</p><p>Filename: modules/admin/my_campaign/models/Data_model.php</p><p>Line Number: 97</p>	</div>
</body>
</html>
2019-09-27 16:38:12: Status Internal Server Error
2019-09-27 16:38:12: Error error
2019-09-27 17:47:39: 122005  act submit call
2019-09-27 17:47:39: JQXHR response text 
2019-09-27 17:47:39: Status error
2019-09-27 17:47:39: Error 
2019-09-27 17:47:40: 122005  act submit call
2019-09-27 17:47:40: JQXHR response text 
2019-09-27 17:47:40: Status error
2019-09-27 17:47:40: Error 
