2019-08-02 10:14:09:   act view campaign detail
2019-08-02 10:14:09: JQXHR response text 
2019-08-02 10:14:09: Status 
2019-08-02 10:14:09: Error error
2019-08-02 10:22:06: 12037  act view campaign detail
2019-08-02 10:22:06: JQXHR response text 
<div style="border:1px solid #990000;padding-left:20px;margin:0 0 10px 0;">

<h4>A PHP Error was encountered</h4>

<p>Severity: Notice</p>
<p>Message:  Trying to get property of non-object</p>
<p>Filename: models/Data_model.php</p>
<p>Line Number: 41</p>


	<p>Backtrace:</p>
	
		
	
		
	
		
			<p style="margin-left:10px">
			File: /var/www/html/outbound/application/modules/admin/my_campaign/models/Data_model.php<br />
			Line: 41<br />
			Function: _error_handler			</p>

		
	
		
			<p style="margin-left:10px">
			File: /var/www/html/outbound/application/modules/admin/my_campaign/models/Data_model.php<br />
			Line: 87<br />
			Function: load_data			</p>

		
	
		
			<p style="margin-left:10px">
			File: /var/www/html/outbound/application/modules/admin/my_campaign/controllers/My_campaign.php<br />
			Line: 107<br />
			Function: get_load_data			</p>

		
	
		
	
		
	
		
			<p style="margin-left:10px">
			File: /var/www/html/outbound/index.php<br />
			Line: 317<br />
			Function: require_once			</p>

		
	

</div>
<div style="border:1px solid #990000;padding-left:20px;margin:0 0 10px 0;">

<h4>A PHP Error was encountered</h4>

<p>Severity: Notice</p>
<p>Message:  Trying to get property of non-object</p>
<p>Filename: models/Data_model.php</p>
<p>Line Number: 113</p>


	<p>Backtrace:</p>
	
		
	
		
	
		
			<p style="margin-left:10px">
			File: /var/www/html/outbound/application/modules/admin/my_campaign/models/Data_model.php<br />
			Line: 113<br />
			Function: _error_handler			</p>

		
	
		
			<p style="margin-left:10px">
			File: /var/www/html/outbound/application/modules/admin/my_campaign/controllers/My_campaign.php<br />
			Line: 127<br />
			Function: count_all			</p>

		
	
		
	
		
	
		
			<p style="margin-left:10px">
			File: /var/www/html/outbound/index.php<br />
			Line: 317<br />
			Function: require_once			</p>

		
	

</div>
<div style="border:1px solid #990000;padding-left:20px;margin:0 0 10px 0;">

<h4>A PHP Error was encountered</h4>

<p>Severity: Notice</p>
<p>Message:  Trying to get property of non-object</p>
<p>Filename: models/Data_model.php</p>
<p>Line Number: 41</p>


	<p>Backtrace:</p>
	
		
	
		
	
		
			<p style="margin-left:10px">
			File: /var/www/html/outbound/application/modules/admin/my_campaign/models/Data_model.php<br />
			Line: 41<br />
			Function: _error_handler			</p>

		
	
		
			<p style="margin-left:10px">
			File: /var/www/html/outbound/application/modules/admin/my_campaign/models/Data_model.php<br />
			Line: 96<br />
			Function: load_data			</p>

		
	
		
			<p style="margin-left:10px">
			File: /var/www/html/outbound/application/modules/admin/my_campaign/controllers/My_campaign.php<br />
			Line: 128<br />
			Function: count_filtered			</p>

		
	
		
	
		
	
		
			<p style="margin-left:10px">
			File: /var/www/html/outbound/index.php<br />
			Line: 317<br />
			Function: require_once			</p>

		
	

</div>{"draw":"1","recordsTotal":0,"recordsFiltered":0,"data":[]}
2019-08-02 10:22:06: Status SyntaxError: Unexpected token < in JSON at position 1
2019-08-02 10:22:06: Error parsererror
2019-08-02 18:45:19: 1220162  act submit call
2019-08-02 18:45:19: JQXHR response text <!DOCTYPE html>
<html lang="en">
<head>
<meta charset="utf-8">
<title>Database Error</title>
<style type="text/css">

::selection { background-color: #E13300; color: white; }
::-moz-selection { background-color: #E13300; color: white; }

body {
	background-color: #fff;
	margin: 40px;
	font: 13px/20px normal Helvetica, Arial, sans-serif;
	color: #4F5155;
}

a {
	color: #003399;
	background-color: transparent;
	font-weight: normal;
}

h1 {
	color: #444;
	background-color: transparent;
	border-bottom: 1px solid #D0D0D0;
	font-size: 19px;
	font-weight: normal;
	margin: 0 0 14px 0;
	padding: 14px 15px 10px 15px;
}

code {
	font-family: Consolas, Monaco, Courier New, Courier, monospace;
	font-size: 12px;
	background-color: #f9f9f9;
	border: 1px solid #D0D0D0;
	color: #002166;
	display: block;
	margin: 14px 0 14px 0;
	padding: 12px 10px 12px 10px;
}

#container {
	margin: 10px;
	border: 1px solid #D0D0D0;
	box-shadow: 0 0 8px #D0D0D0;
}

p {
	margin: 12px 15px 12px 15px;
}
</style>
</head>
<body>
	<div id="container">
		<h1>A Database Error Occurred</h1>
		<p>Error Number: 1059</p><p>Identifier name 'form_apa_yang_membuat_bapakibu_tertarik_atau_ingin_mencoba_fitur_promosi' is too long</p><p>CREATE TABLE IF NOT EXISTS data_campaign_478(data_id INT(11) NOT NULL AUTO_INCREMENT, form_call_status ENUM('Reachable','Unreachable') NOT NULL, form_agent_name VARCHAR(255) NOT NULL, form_first_date_call DATE DEFAULT NULL, form_last_date_call DATE DEFAULT NULL, form_remarks TEXT DEFAULT NULL, form_apakah_benar_bapakibu_telah_menggunakan_fitur_promosi ENUM('Ya','Tidak') DEFAULT NULL, form_apa_yang_membuat_bapakibu_tertarik_atau_ingin_mencoba_fitur_promosi TEXT DEFAULT NULL, form_dari_skala_15_1_sangat_sulit_5_sangat_mudah_seberapa_mudahkah_fitur_promosi_di_aplikasi_grabfood ENUM('1','2','3','4','5') DEFAULT NULL, form_bagian_apakah_yang_membantu_bapakibu_menggunakan_fitur_promosi_contoh_materi_pelatihan_cukup_jelas_desain_aplikasi_mudah_dimengerti_tidak_ribet_dll TEXT DEFAULT NULL, form_apakah_hal_yang_paling_membingungkan_dari_fitur_promosi_contoh_menghitung_diskon_memilih_menu_dll TEXT DEFAULT NULL, form_apakah_yang_menurut_bapakibu_dapat_ditingkatkan_dari_fitur_promosi_ini TEXT DEFAULT NULL, form_apakah_bapakibu_sudah_memeriksa_laporan_penjualan_yang_kami_kirimkan_jika_ya_lanjut_ke_pertanyaan_8__kolom_s_jika_tidak_lanjut_ke_pertanyaan_9__kolom_t ENUM('Ya','Tidak') DEFAULT NULL, form_jika_ya_dari_skala_15_1_sangat_sulit_5_sangat_mudah_seberapa_mudah_bagi_bapakibu_memahami_laporan_penjualan_kami_terkhusus_untuk_pesanan_promosi ENUM('1','2','3','4','5') DEFAULT NULL, form_dari_skala_15_1_sangat_tidak_ingin_5_sangat_ingin_seberapa_besar_keinginan_bapakibu_untuk_menggunakan_kembali_fitur_promosi ENUM('1','2','3','4','5') DEFAULT NULL, form_apakah_bapakibu_menerima_materi_pelatihan_yang_kami_kirimkan_melalui_email_jika_ya_lanjut_ke_pertanyaan_11__kolom_v_jika_tidak_lanjut_ke_pertanyaan_12__kolom_w ENUM('Ya','Tidak') DEFAULT NULL, form_apakah_bapakibu_telah_mempelajari_materi_pelatihan_yang_kami_kirimkan_jika_iya_dari_skala_15_1_sangat_sulit_dimengerti_5_sangat_mudah_dimengerti_seberapa_mudah_materi_pelatihan_kami_dipahami_jika_tidak_lanjut_ke_pertanyaan_10 ENUM('Ya','Tidak') DEFAULT NULL, form_jika_iya_dari_skala_15_1_sangat_sulit_dimengerti_5_sangat_mudah_dimengerti_seberapa_mudah_materi_pelatihan_kami_dipahami ENUM('1','2','3','4','5') DEFAULT NULL, form_menurut_bapakibu_apakah_channel_terbaik_untuk_kami_memberikan_materi_pelatihan_email_sms_website_grab_dll VARCHAR(255) DEFAULT NULL, form_survey_status ENUM('Success','Failed') DEFAULT NULL, form_failed_reason ENUM('Putus Kemitraan Dengan GrabFood','Mengatakan tidak bersedia mengikuti survey','Telpon dijawab lalu dimatikan','Permanently Closed','Temporary Closed') DEFAULT NULL, form_merchant_id VARCHAR(255) NOT NULL, form_brand VARCHAR(255) NOT NULL, form_authorized_user_contact_name VARCHAR(255) NOT NULL, form_authorized_user_phone_numbers VARCHAR(50) NOT NULL, form_outlet_phone_number VARCHAR(50) NOT NULL, assign_id int(11) NOT NULL, status VARCHAR(25) NULL COMMENT 'status of data', note text NOT NULL COMMENT 'last note of call from agent', `callback` datetime DEFAULT NULL, PRIMARY KEY (data_id)) ENGINE=InnoDB DEFAULT CHARSET=utf8mb4;</p><p>Filename: modules/admin/campaign/models/Campaign_model.php</p><p>Line Number: 269</p>	</div>
</body>
</html>
2019-08-02 18:45:19: Status error
2019-08-02 18:45:19: Error Internal Server Error
2019-08-02 18:45:31: 1220162  act submit call
2019-08-02 18:45:31: JQXHR response text <!DOCTYPE html>
<html lang="en">
<head>
<meta charset="utf-8">
<title>Database Error</title>
<style type="text/css">

::selection { background-color: #E13300; color: white; }
::-moz-selection { background-color: #E13300; color: white; }

body {
	background-color: #fff;
	margin: 40px;
	font: 13px/20px normal Helvetica, Arial, sans-serif;
	color: #4F5155;
}

a {
	color: #003399;
	background-color: transparent;
	font-weight: normal;
}

h1 {
	color: #444;
	background-color: transparent;
	border-bottom: 1px solid #D0D0D0;
	font-size: 19px;
	font-weight: normal;
	margin: 0 0 14px 0;
	padding: 14px 15px 10px 15px;
}

code {
	font-family: Consolas, Monaco, Courier New, Courier, monospace;
	font-size: 12px;
	background-color: #f9f9f9;
	border: 1px solid #D0D0D0;
	color: #002166;
	display: block;
	margin: 14px 0 14px 0;
	padding: 12px 10px 12px 10px;
}

#container {
	margin: 10px;
	border: 1px solid #D0D0D0;
	box-shadow: 0 0 8px #D0D0D0;
}

p {
	margin: 12px 15px 12px 15px;
}
</style>
</head>
<body>
	<div id="container">
		<h1>A Database Error Occurred</h1>
		<p>Error Number: 1059</p><p>Identifier name 'form_apa_yang_membuat_bapakibu_tertarik_atau_ingin_mencoba_fitur_promosi' is too long</p><p>CREATE TABLE IF NOT EXISTS data_campaign_479(data_id INT(11) NOT NULL AUTO_INCREMENT, form_call_status ENUM('Reachable','Unreachable') NOT NULL, form_agent_name VARCHAR(255) NOT NULL, form_first_date_call DATE DEFAULT NULL, form_last_date_call DATE DEFAULT NULL, form_remarks TEXT DEFAULT NULL, form_apakah_benar_bapakibu_telah_menggunakan_fitur_promosi ENUM('Ya','Tidak') DEFAULT NULL, form_apa_yang_membuat_bapakibu_tertarik_atau_ingin_mencoba_fitur_promosi TEXT DEFAULT NULL, form_dari_skala_15_1_sangat_sulit_5_sangat_mudah_seberapa_mudahkah_fitur_promosi_di_aplikasi_grabfood ENUM('1','2','3','4','5') DEFAULT NULL, form_bagian_apakah_yang_membantu_bapakibu_menggunakan_fitur_promosi_contoh_materi_pelatihan_cukup_jelas_desain_aplikasi_mudah_dimengerti_tidak_ribet_dll TEXT DEFAULT NULL, form_apakah_hal_yang_paling_membingungkan_dari_fitur_promosi_contoh_menghitung_diskon_memilih_menu_dll TEXT DEFAULT NULL, form_apakah_yang_menurut_bapakibu_dapat_ditingkatkan_dari_fitur_promosi_ini TEXT DEFAULT NULL, form_apakah_bapakibu_sudah_memeriksa_laporan_penjualan_yang_kami_kirimkan_jika_ya_lanjut_ke_pertanyaan_8__kolom_s_jika_tidak_lanjut_ke_pertanyaan_9__kolom_t ENUM('Ya','Tidak') DEFAULT NULL, form_jika_ya_dari_skala_15_1_sangat_sulit_5_sangat_mudah_seberapa_mudah_bagi_bapakibu_memahami_laporan_penjualan_kami_terkhusus_untuk_pesanan_promosi ENUM('1','2','3','4','5') DEFAULT NULL, form_dari_skala_15_1_sangat_tidak_ingin_5_sangat_ingin_seberapa_besar_keinginan_bapakibu_untuk_menggunakan_kembali_fitur_promosi ENUM('1','2','3','4','5') DEFAULT NULL, form_apakah_bapakibu_menerima_materi_pelatihan_yang_kami_kirimkan_melalui_email_jika_ya_lanjut_ke_pertanyaan_11__kolom_v_jika_tidak_lanjut_ke_pertanyaan_12__kolom_w ENUM('Ya','Tidak') DEFAULT NULL, form_apakah_bapakibu_telah_mempelajari_materi_pelatihan_yang_kami_kirimkan_jika_iya_dari_skala_15_1_sangat_sulit_dimengerti_5_sangat_mudah_dimengerti_seberapa_mudah_materi_pelatihan_kami_dipahami_jika_tidak_lanjut_ke_pertanyaan_10 ENUM('Ya','Tidak') DEFAULT NULL, form_jika_iya_dari_skala_15_1_sangat_sulit_dimengerti_5_sangat_mudah_dimengerti_seberapa_mudah_materi_pelatihan_kami_dipahami ENUM('1','2','3','4','5') DEFAULT NULL, form_menurut_bapakibu_apakah_channel_terbaik_untuk_kami_memberikan_materi_pelatihan_email_sms_website_grab_dll VARCHAR(255) DEFAULT NULL, form_survey_status ENUM('Success','Failed') DEFAULT NULL, form_failed_reason ENUM('Putus Kemitraan Dengan GrabFood','Mengatakan tidak bersedia mengikuti survey','Telpon dijawab lalu dimatikan','Permanently Closed','Temporary Closed') DEFAULT NULL, form_merchant_id VARCHAR(255) NOT NULL, form_brand VARCHAR(255) NOT NULL, form_authorized_user_contact_name VARCHAR(255) NOT NULL, form_authorized_user_phone_numbers VARCHAR(50) NOT NULL, form_outlet_phone_number VARCHAR(50) NOT NULL, assign_id int(11) NOT NULL, status VARCHAR(25) NULL COMMENT 'status of data', note text NOT NULL COMMENT 'last note of call from agent', `callback` datetime DEFAULT NULL, PRIMARY KEY (data_id)) ENGINE=InnoDB DEFAULT CHARSET=utf8mb4;</p><p>Filename: modules/admin/campaign/models/Campaign_model.php</p><p>Line Number: 269</p>	</div>
</body>
</html>
2019-08-02 18:45:31: Status error
2019-08-02 18:45:31: Error Internal Server Error
2019-08-02 18:45:38: 1220162  act submit call
2019-08-02 18:45:38: JQXHR response text <!DOCTYPE html>
<html lang="en">
<head>
<meta charset="utf-8">
<title>Database Error</title>
<style type="text/css">

::selection { background-color: #E13300; color: white; }
::-moz-selection { background-color: #E13300; color: white; }

body {
	background-color: #fff;
	margin: 40px;
	font: 13px/20px normal Helvetica, Arial, sans-serif;
	color: #4F5155;
}

a {
	color: #003399;
	background-color: transparent;
	font-weight: normal;
}

h1 {
	color: #444;
	background-color: transparent;
	border-bottom: 1px solid #D0D0D0;
	font-size: 19px;
	font-weight: normal;
	margin: 0 0 14px 0;
	padding: 14px 15px 10px 15px;
}

code {
	font-family: Consolas, Monaco, Courier New, Courier, monospace;
	font-size: 12px;
	background-color: #f9f9f9;
	border: 1px solid #D0D0D0;
	color: #002166;
	display: block;
	margin: 14px 0 14px 0;
	padding: 12px 10px 12px 10px;
}

#container {
	margin: 10px;
	border: 1px solid #D0D0D0;
	box-shadow: 0 0 8px #D0D0D0;
}

p {
	margin: 12px 15px 12px 15px;
}
</style>
</head>
<body>
	<div id="container">
		<h1>A Database Error Occurred</h1>
		<p>Error Number: 1059</p><p>Identifier name 'form_apa_yang_membuat_bapakibu_tertarik_atau_ingin_mencoba_fitur_promosi' is too long</p><p>CREATE TABLE IF NOT EXISTS data_campaign_480(data_id INT(11) NOT NULL AUTO_INCREMENT, form_call_status ENUM('Reachable','Unreachable') NOT NULL, form_agent_name VARCHAR(255) NOT NULL, form_first_date_call DATE DEFAULT NULL, form_last_date_call DATE DEFAULT NULL, form_remarks TEXT DEFAULT NULL, form_apakah_benar_bapakibu_telah_menggunakan_fitur_promosi ENUM('Ya','Tidak') DEFAULT NULL, form_apa_yang_membuat_bapakibu_tertarik_atau_ingin_mencoba_fitur_promosi TEXT DEFAULT NULL, form_dari_skala_15_1_sangat_sulit_5_sangat_mudah_seberapa_mudahkah_fitur_promosi_di_aplikasi_grabfood ENUM('1','2','3','4','5') DEFAULT NULL, form_bagian_apakah_yang_membantu_bapakibu_menggunakan_fitur_promosi_contoh_materi_pelatihan_cukup_jelas_desain_aplikasi_mudah_dimengerti_tidak_ribet_dll TEXT DEFAULT NULL, form_apakah_hal_yang_paling_membingungkan_dari_fitur_promosi_contoh_menghitung_diskon_memilih_menu_dll TEXT DEFAULT NULL, form_apakah_yang_menurut_bapakibu_dapat_ditingkatkan_dari_fitur_promosi_ini TEXT DEFAULT NULL, form_apakah_bapakibu_sudah_memeriksa_laporan_penjualan_yang_kami_kirimkan_jika_ya_lanjut_ke_pertanyaan_8__kolom_s_jika_tidak_lanjut_ke_pertanyaan_9__kolom_t ENUM('Ya','Tidak') DEFAULT NULL, form_jika_ya_dari_skala_15_1_sangat_sulit_5_sangat_mudah_seberapa_mudah_bagi_bapakibu_memahami_laporan_penjualan_kami_terkhusus_untuk_pesanan_promosi ENUM('1','2','3','4','5') DEFAULT NULL, form_dari_skala_15_1_sangat_tidak_ingin_5_sangat_ingin_seberapa_besar_keinginan_bapakibu_untuk_menggunakan_kembali_fitur_promosi ENUM('1','2','3','4','5') DEFAULT NULL, form_apakah_bapakibu_menerima_materi_pelatihan_yang_kami_kirimkan_melalui_email_jika_ya_lanjut_ke_pertanyaan_11__kolom_v_jika_tidak_lanjut_ke_pertanyaan_12__kolom_w ENUM('Ya','Tidak') DEFAULT NULL, form_apakah_bapakibu_telah_mempelajari_materi_pelatihan_yang_kami_kirimkan_jika_iya_dari_skala_15_1_sangat_sulit_dimengerti_5_sangat_mudah_dimengerti_seberapa_mudah_materi_pelatihan_kami_dipahami_jika_tidak_lanjut_ke_pertanyaan_10 ENUM('Ya','Tidak') DEFAULT NULL, form_jika_iya_dari_skala_15_1_sangat_sulit_dimengerti_5_sangat_mudah_dimengerti_seberapa_mudah_materi_pelatihan_kami_dipahami ENUM('1','2','3','4','5') DEFAULT NULL, form_menurut_bapakibu_apakah_channel_terbaik_untuk_kami_memberikan_materi_pelatihan_email_sms_website_grab_dll VARCHAR(255) DEFAULT NULL, form_survey_status ENUM('Success','Failed') DEFAULT NULL, form_failed_reason ENUM('Putus Kemitraan Dengan GrabFood','Mengatakan tidak bersedia mengikuti survey','Telpon dijawab lalu dimatikan','Permanently Closed','Temporary Closed') DEFAULT NULL, form_merchant_id VARCHAR(255) NOT NULL, form_brand VARCHAR(255) NOT NULL, form_authorized_user_contact_name VARCHAR(255) NOT NULL, form_authorized_user_phone_numbers VARCHAR(50) NOT NULL, form_outlet_phone_number VARCHAR(50) NOT NULL, assign_id int(11) NOT NULL, status VARCHAR(25) NULL COMMENT 'status of data', note text NOT NULL COMMENT 'last note of call from agent', `callback` datetime DEFAULT NULL, PRIMARY KEY (data_id)) ENGINE=InnoDB DEFAULT CHARSET=utf8mb4;</p><p>Filename: modules/admin/campaign/models/Campaign_model.php</p><p>Line Number: 269</p>	</div>
</body>
</html>
2019-08-02 18:45:38: Status error
2019-08-02 18:45:38: Error Internal Server Error
2019-08-02 18:46:07: 1220162  act submit call
2019-08-02 18:46:07: JQXHR response text <!DOCTYPE html>
<html lang="en">
<head>
<meta charset="utf-8">
<title>Database Error</title>
<style type="text/css">

::selection { background-color: #E13300; color: white; }
::-moz-selection { background-color: #E13300; color: white; }

body {
	background-color: #fff;
	margin: 40px;
	font: 13px/20px normal Helvetica, Arial, sans-serif;
	color: #4F5155;
}

a {
	color: #003399;
	background-color: transparent;
	font-weight: normal;
}

h1 {
	color: #444;
	background-color: transparent;
	border-bottom: 1px solid #D0D0D0;
	font-size: 19px;
	font-weight: normal;
	margin: 0 0 14px 0;
	padding: 14px 15px 10px 15px;
}

code {
	font-family: Consolas, Monaco, Courier New, Courier, monospace;
	font-size: 12px;
	background-color: #f9f9f9;
	border: 1px solid #D0D0D0;
	color: #002166;
	display: block;
	margin: 14px 0 14px 0;
	padding: 12px 10px 12px 10px;
}

#container {
	margin: 10px;
	border: 1px solid #D0D0D0;
	box-shadow: 0 0 8px #D0D0D0;
}

p {
	margin: 12px 15px 12px 15px;
}
</style>
</head>
<body>
	<div id="container">
		<h1>A Database Error Occurred</h1>
		<p>Error Number: 1059</p><p>Identifier name 'form_apa_yang_membuat_bapakibu_tertarik_atau_ingin_mencoba_fitur_promosi' is too long</p><p>CREATE TABLE IF NOT EXISTS data_campaign_481(data_id INT(11) NOT NULL AUTO_INCREMENT, form_call_status ENUM('Reachable','Unreachable') NOT NULL, form_agent_name VARCHAR(255) NOT NULL, form_first_date_call DATE DEFAULT NULL, form_last_date_call DATE DEFAULT NULL, form_remarks TEXT DEFAULT NULL, form_apakah_benar_bapakibu_telah_menggunakan_fitur_promosi ENUM('Ya','Tidak') DEFAULT NULL, form_apa_yang_membuat_bapakibu_tertarik_atau_ingin_mencoba_fitur_promosi TEXT DEFAULT NULL, form_dari_skala_15_1_sangat_sulit_5_sangat_mudah_seberapa_mudahkah_fitur_promosi_di_aplikasi_grabfood ENUM('1','2','3','4','5') DEFAULT NULL, form_bagian_apakah_yang_membantu_bapakibu_menggunakan_fitur_promosi_contoh_materi_pelatihan_cukup_jelas_desain_aplikasi_mudah_dimengerti_tidak_ribet_dll TEXT DEFAULT NULL, form_apakah_hal_yang_paling_membingungkan_dari_fitur_promosi_contoh_menghitung_diskon_memilih_menu_dll TEXT DEFAULT NULL, form_apakah_yang_menurut_bapakibu_dapat_ditingkatkan_dari_fitur_promosi_ini TEXT DEFAULT NULL, form_apakah_bapakibu_sudah_memeriksa_laporan_penjualan_yang_kami_kirimkan_jika_ya_lanjut_ke_pertanyaan_8__kolom_s_jika_tidak_lanjut_ke_pertanyaan_9__kolom_t ENUM('Ya','Tidak') DEFAULT NULL, form_jika_ya_dari_skala_15_1_sangat_sulit_5_sangat_mudah_seberapa_mudah_bagi_bapakibu_memahami_laporan_penjualan_kami_terkhusus_untuk_pesanan_promosi ENUM('1','2','3','4','5') DEFAULT NULL, form_dari_skala_15_1_sangat_tidak_ingin_5_sangat_ingin_seberapa_besar_keinginan_bapakibu_untuk_menggunakan_kembali_fitur_promosi ENUM('1','2','3','4','5') DEFAULT NULL, form_apakah_bapakibu_menerima_materi_pelatihan_yang_kami_kirimkan_melalui_email_jika_ya_lanjut_ke_pertanyaan_11__kolom_v_jika_tidak_lanjut_ke_pertanyaan_12__kolom_w ENUM('Ya','Tidak') DEFAULT NULL, form_apakah_bapakibu_telah_mempelajari_materi_pelatihan_yang_kami_kirimkan_jika_iya_dari_skala_15_1_sangat_sulit_dimengerti_5_sangat_mudah_dimengerti_seberapa_mudah_materi_pelatihan_kami_dipahami_jika_tidak_lanjut_ke_pertanyaan_10 ENUM('Ya','Tidak') DEFAULT NULL, form_jika_iya_dari_skala_15_1_sangat_sulit_dimengerti_5_sangat_mudah_dimengerti_seberapa_mudah_materi_pelatihan_kami_dipahami ENUM('1','2','3','4','5') DEFAULT NULL, form_menurut_bapakibu_apakah_channel_terbaik_untuk_kami_memberikan_materi_pelatihan_email_sms_website_grab_dll VARCHAR(255) DEFAULT NULL, form_survey_status ENUM('Success','Failed') DEFAULT NULL, form_failed_reason ENUM('Putus Kemitraan Dengan GrabFood','Mengatakan tidak bersedia mengikuti survey','Telpon dijawab lalu dimatikan','Permanently Closed','Temporary Closed') DEFAULT NULL, form_merchant_id VARCHAR(255) NOT NULL, form_brand VARCHAR(255) NOT NULL, form_authorized_user_contact_name VARCHAR(255) NOT NULL, form_authorized_user_phone_numbers VARCHAR(50) NOT NULL, form_outlet_phone_number VARCHAR(50) NOT NULL, assign_id int(11) NOT NULL, status VARCHAR(25) NULL COMMENT 'status of data', note text NOT NULL COMMENT 'last note of call from agent', `callback` datetime DEFAULT NULL, PRIMARY KEY (data_id)) ENGINE=InnoDB DEFAULT CHARSET=utf8mb4;</p><p>Filename: modules/admin/campaign/models/Campaign_model.php</p><p>Line Number: 269</p>	</div>
</body>
</html>
2019-08-02 18:46:07: Status error
2019-08-02 18:46:07: Error Internal Server Error
2019-08-02 19:10:09: 1220162  act submit call
2019-08-02 19:10:09: JQXHR response text <!DOCTYPE html>
<html lang="en">
<head>
<meta charset="utf-8">
<title>Database Error</title>
<style type="text/css">

::selection { background-color: #E13300; color: white; }
::-moz-selection { background-color: #E13300; color: white; }

body {
	background-color: #fff;
	margin: 40px;
	font: 13px/20px normal Helvetica, Arial, sans-serif;
	color: #4F5155;
}

a {
	color: #003399;
	background-color: transparent;
	font-weight: normal;
}

h1 {
	color: #444;
	background-color: transparent;
	border-bottom: 1px solid #D0D0D0;
	font-size: 19px;
	font-weight: normal;
	margin: 0 0 14px 0;
	padding: 14px 15px 10px 15px;
}

code {
	font-family: Consolas, Monaco, Courier New, Courier, monospace;
	font-size: 12px;
	background-color: #f9f9f9;
	border: 1px solid #D0D0D0;
	color: #002166;
	display: block;
	margin: 14px 0 14px 0;
	padding: 12px 10px 12px 10px;
}

#container {
	margin: 10px;
	border: 1px solid #D0D0D0;
	box-shadow: 0 0 8px #D0D0D0;
}

p {
	margin: 12px 15px 12px 15px;
}
</style>
</head>
<body>
	<div id="container">
		<h1>A Database Error Occurred</h1>
		<p>Error Number: 1059</p><p>Identifier name 'form_apa_yang_membuat_bapakibu_tertarik_atau_ingin_mencoba_fitur_promosi' is too long</p><p>CREATE TABLE IF NOT EXISTS data_campaign_482(data_id INT(11) NOT NULL AUTO_INCREMENT, form_call_status ENUM('Reachable','Unreachable') NOT NULL, form_agent_name VARCHAR(255) NOT NULL, form_first_date_call DATE DEFAULT NULL, form_last_date_call DATE DEFAULT NULL, form_remarks TEXT DEFAULT NULL, form_apakah_benar_bapakibu_telah_menggunakan_fitur_promosi ENUM('Ya','Tidak') DEFAULT NULL, form_apa_yang_membuat_bapakibu_tertarik_atau_ingin_mencoba_fitur_promosi TEXT DEFAULT NULL, form_dari_skala_15_1_sangat_sulit_5_sangat_mudah_seberapa_mudahkah_fitur_promosi_di_aplikasi_grabfood ENUM('1','2','3','4','5') DEFAULT NULL, form_bagian_apakah_yang_membantu_bapakibu_menggunakan_fitur_promosi_contoh_materi_pelatihan_cukup_jelas_desain_aplikasi_mudah_dimengerti_tidak_ribet_dll TEXT DEFAULT NULL, form_apakah_hal_yang_paling_membingungkan_dari_fitur_promosi_contoh_menghitung_diskon_memilih_menu_dll TEXT DEFAULT NULL, form_apakah_yang_menurut_bapakibu_dapat_ditingkatkan_dari_fitur_promosi_ini TEXT DEFAULT NULL, form_apakah_bapakibu_sudah_memeriksa_laporan_penjualan_yang_kami_kirimkan_jika_ya_lanjut_ke_pertanyaan_8__kolom_s_jika_tidak_lanjut_ke_pertanyaan_9__kolom_t ENUM('Ya','Tidak') DEFAULT NULL, form_jika_ya_dari_skala_15_1_sangat_sulit_5_sangat_mudah_seberapa_mudah_bagi_bapakibu_memahami_laporan_penjualan_kami_terkhusus_untuk_pesanan_promosi ENUM('1','2','3','4','5') DEFAULT NULL, form_dari_skala_15_1_sangat_tidak_ingin_5_sangat_ingin_seberapa_besar_keinginan_bapakibu_untuk_menggunakan_kembali_fitur_promosi VARCHAR(255) DEFAULT NULL, form_apakah_bapakibu_menerima_materi_pelatihan_yang_kami_kirimkan_melalui_email_jika_ya_lanjut_ke_pertanyaan_11__kolom_v_jika_tidak_lanjut_ke_pertanyaan_12__kolom_w ENUM('Ya','Tidak') DEFAULT NULL, form_apakah_bapakibu_telah_mempelajari_materi_pelatihan_yang_kami_kirimkan_jika_iya_dari_skala_15_1_sangat_sulit_dimengerti_5_sangat_mudah_dimengerti_seberapa_mudah_materi_pelatihan_kami_dipahami_jika_tidak_lanjut_ke_pertanyaan_10 ENUM('1','2','3','4','5') DEFAULT NULL, form_jika_iya_dari_skala_15_1_sangat_sulit_dimengerti_5_sangat_mudah_dimengerti_seberapa_mudah_materi_pelatihan_kami_dipahami ENUM('1','2','3','4','5') DEFAULT NULL, form_menurut_bapakibu_apakah_channel_terbaik_untuk_kami_memberikan_materi_pelatihan_email_sms_website_grab_dll VARCHAR(255) DEFAULT NULL, form_survey_status ENUM('Success','Failed') DEFAULT NULL, form_failed_reason ENUM('Temporary Closed','Permanently Closed','Telpon dijawab lalu dimatikan','Mengatakan tidak bersedia mengikuti survey','Putus Kemitraan Dengan GrabFood') DEFAULT NULL, form_merchant_id VARCHAR(255) NOT NULL, form_brand VARCHAR(255) NOT NULL, form_authorized_user_contact_name VARCHAR(255) NOT NULL, form_authorized_user_phone_numbers VARCHAR(50) NOT NULL, form_outlet_phone_number VARCHAR(50) NOT NULL, assign_id int(11) NOT NULL, status VARCHAR(25) NULL COMMENT 'status of data', note text NOT NULL COMMENT 'last note of call from agent', `callback` datetime DEFAULT NULL, PRIMARY KEY (data_id)) ENGINE=InnoDB DEFAULT CHARSET=utf8mb4;</p><p>Filename: modules/admin/campaign/models/Campaign_model.php</p><p>Line Number: 269</p>	</div>
</body>
</html>
2019-08-02 19:10:09: Status error
2019-08-02 19:10:09: Error Internal Server Error
2019-08-02 19:10:16: 1220162  act submit call
2019-08-02 19:10:16: JQXHR response text <!DOCTYPE html>
<html lang="en">
<head>
<meta charset="utf-8">
<title>Database Error</title>
<style type="text/css">

::selection { background-color: #E13300; color: white; }
::-moz-selection { background-color: #E13300; color: white; }

body {
	background-color: #fff;
	margin: 40px;
	font: 13px/20px normal Helvetica, Arial, sans-serif;
	color: #4F5155;
}

a {
	color: #003399;
	background-color: transparent;
	font-weight: normal;
}

h1 {
	color: #444;
	background-color: transparent;
	border-bottom: 1px solid #D0D0D0;
	font-size: 19px;
	font-weight: normal;
	margin: 0 0 14px 0;
	padding: 14px 15px 10px 15px;
}

code {
	font-family: Consolas, Monaco, Courier New, Courier, monospace;
	font-size: 12px;
	background-color: #f9f9f9;
	border: 1px solid #D0D0D0;
	color: #002166;
	display: block;
	margin: 14px 0 14px 0;
	padding: 12px 10px 12px 10px;
}

#container {
	margin: 10px;
	border: 1px solid #D0D0D0;
	box-shadow: 0 0 8px #D0D0D0;
}

p {
	margin: 12px 15px 12px 15px;
}
</style>
</head>
<body>
	<div id="container">
		<h1>A Database Error Occurred</h1>
		<p>Error Number: 1059</p><p>Identifier name 'form_apa_yang_membuat_bapakibu_tertarik_atau_ingin_mencoba_fitur_promosi' is too long</p><p>CREATE TABLE IF NOT EXISTS data_campaign_483(data_id INT(11) NOT NULL AUTO_INCREMENT, form_call_status ENUM('Reachable','Unreachable') NOT NULL, form_agent_name VARCHAR(255) NOT NULL, form_first_date_call DATE DEFAULT NULL, form_last_date_call DATE DEFAULT NULL, form_remarks TEXT DEFAULT NULL, form_apakah_benar_bapakibu_telah_menggunakan_fitur_promosi ENUM('Ya','Tidak') DEFAULT NULL, form_apa_yang_membuat_bapakibu_tertarik_atau_ingin_mencoba_fitur_promosi TEXT DEFAULT NULL, form_dari_skala_15_1_sangat_sulit_5_sangat_mudah_seberapa_mudahkah_fitur_promosi_di_aplikasi_grabfood ENUM('1','2','3','4','5') DEFAULT NULL, form_bagian_apakah_yang_membantu_bapakibu_menggunakan_fitur_promosi_contoh_materi_pelatihan_cukup_jelas_desain_aplikasi_mudah_dimengerti_tidak_ribet_dll TEXT DEFAULT NULL, form_apakah_hal_yang_paling_membingungkan_dari_fitur_promosi_contoh_menghitung_diskon_memilih_menu_dll TEXT DEFAULT NULL, form_apakah_yang_menurut_bapakibu_dapat_ditingkatkan_dari_fitur_promosi_ini TEXT DEFAULT NULL, form_apakah_bapakibu_sudah_memeriksa_laporan_penjualan_yang_kami_kirimkan_jika_ya_lanjut_ke_pertanyaan_8__kolom_s_jika_tidak_lanjut_ke_pertanyaan_9__kolom_t ENUM('Ya','Tidak') DEFAULT NULL, form_jika_ya_dari_skala_15_1_sangat_sulit_5_sangat_mudah_seberapa_mudah_bagi_bapakibu_memahami_laporan_penjualan_kami_terkhusus_untuk_pesanan_promosi ENUM('1','2','3','4','5') DEFAULT NULL, form_dari_skala_15_1_sangat_tidak_ingin_5_sangat_ingin_seberapa_besar_keinginan_bapakibu_untuk_menggunakan_kembali_fitur_promosi VARCHAR(255) DEFAULT NULL, form_apakah_bapakibu_menerima_materi_pelatihan_yang_kami_kirimkan_melalui_email_jika_ya_lanjut_ke_pertanyaan_11__kolom_v_jika_tidak_lanjut_ke_pertanyaan_12__kolom_w ENUM('Ya','Tidak') DEFAULT NULL, form_apakah_bapakibu_telah_mempelajari_materi_pelatihan_yang_kami_kirimkan_jika_iya_dari_skala_15_1_sangat_sulit_dimengerti_5_sangat_mudah_dimengerti_seberapa_mudah_materi_pelatihan_kami_dipahami_jika_tidak_lanjut_ke_pertanyaan_10 ENUM('1','2','3','4','5') DEFAULT NULL, form_jika_iya_dari_skala_15_1_sangat_sulit_dimengerti_5_sangat_mudah_dimengerti_seberapa_mudah_materi_pelatihan_kami_dipahami ENUM('1','2','3','4','5') DEFAULT NULL, form_menurut_bapakibu_apakah_channel_terbaik_untuk_kami_memberikan_materi_pelatihan_email_sms_website_grab_dll VARCHAR(255) DEFAULT NULL, form_survey_status ENUM('Success','Failed') DEFAULT NULL, form_failed_reason ENUM('Temporary Closed','Permanently Closed','Telpon dijawab lalu dimatikan','Mengatakan tidak bersedia mengikuti survey','Putus Kemitraan Dengan GrabFood') DEFAULT NULL, form_merchant_id VARCHAR(255) NOT NULL, form_brand VARCHAR(255) NOT NULL, form_authorized_user_contact_name VARCHAR(255) NOT NULL, form_authorized_user_phone_numbers VARCHAR(50) NOT NULL, form_outlet_phone_number VARCHAR(50) NOT NULL, assign_id int(11) NOT NULL, status VARCHAR(25) NULL COMMENT 'status of data', note text NOT NULL COMMENT 'last note of call from agent', `callback` datetime DEFAULT NULL, PRIMARY KEY (data_id)) ENGINE=InnoDB DEFAULT CHARSET=utf8mb4;</p><p>Filename: modules/admin/campaign/models/Campaign_model.php</p><p>Line Number: 269</p>	</div>
</body>
</html>
2019-08-02 19:10:16: Status error
2019-08-02 19:10:16: Error Internal Server Error
