2019-07-18 09:23:30: 12036  act submit call
2019-07-18 09:23:30: JQXHR response text 
<div style="border:1px solid #990000;padding-left:20px;margin:0 0 10px 0;">

<h4>A PHP Error was encountered</h4>

<p>Severity: Notice</p>
<p>Message:  Trying to get property of non-object</p>
<p>Filename: models/Data_model.php</p>
<p>Line Number: 157</p>


	<p>Backtrace:</p>
	
		
	
		
	
		
			<p style="margin-left:10px">
			File: /var/www/html/outbound/application/modules/admin/my_campaign/models/Data_model.php<br />
			Line: 157<br />
			Function: _error_handler			</p>

		
	
		
			<p style="margin-left:10px">
			File: /var/www/html/outbound/application/modules/admin/my_campaign/controllers/My_campaign.php<br />
			Line: 220<br />
			Function: save_status			</p>

		
	
		
	
		
	
		
			<p style="margin-left:10px">
			File: /var/www/html/outbound/index.php<br />
			Line: 317<br />
			Function: require_once			</p>

		
	

</div>{"status":true}
2019-07-18 09:23:30: Status parsererror
2019-07-18 09:23:30: Error SyntaxError: Unexpected token < in JSON at position 1
