2019-07-13 10:12:25: 12018  act calling
2019-07-13 10:12:25: JQXHR response text 
2019-07-13 10:12:25: Status error
2019-07-13 10:12:25: Error 
2019-07-13 11:33:39: 12018  act calling
2019-07-13 11:33:39: JQXHR response text 
2019-07-13 11:33:39: Status error
2019-07-13 11:33:39: Error 
2019-07-13 15:43:17: 122021  act view campaign detail
2019-07-13 15:43:17: JQXHR response text 
<div style="border:1px solid #990000;padding-left:20px;margin:0 0 10px 0;">

<h4>A PHP Error was encountered</h4>

<p>Severity: Notice</p>
<p>Message:  Trying to get property of non-object</p>
<p>Filename: models/Data_model.php</p>
<p>Line Number: 41</p>


	<p>Backtrace:</p>
	
		
	
		
	
		
			<p style="margin-left:10px">
			File: /var/www/html/outbound/application/modules/admin/my_campaign/models/Data_model.php<br />
			Line: 41<br />
			Function: _error_handler			</p>

		
	
		
			<p style="margin-left:10px">
			File: /var/www/html/outbound/application/modules/admin/my_campaign/models/Data_model.php<br />
			Line: 87<br />
			Function: load_data			</p>

		
	
		
			<p style="margin-left:10px">
			File: /var/www/html/outbound/application/modules/admin/my_campaign/controllers/My_campaign.php<br />
			Line: 107<br />
			Function: get_load_data			</p>

		
	
		
	
		
	
		
			<p style="margin-left:10px">
			File: /var/www/html/outbound/index.php<br />
			Line: 317<br />
			Function: require_once			</p>

		
	

</div>
<div style="border:1px solid #990000;padding-left:20px;margin:0 0 10px 0;">

<h4>A PHP Error was encountered</h4>

<p>Severity: Notice</p>
<p>Message:  Trying to get property of non-object</p>
<p>Filename: models/Data_model.php</p>
<p>Line Number: 113</p>


	<p>Backtrace:</p>
	
		
	
		
	
		
			<p style="margin-left:10px">
			File: /var/www/html/outbound/application/modules/admin/my_campaign/models/Data_model.php<br />
			Line: 113<br />
			Function: _error_handler			</p>

		
	
		
			<p style="margin-left:10px">
			File: /var/www/html/outbound/application/modules/admin/my_campaign/controllers/My_campaign.php<br />
			Line: 127<br />
			Function: count_all			</p>

		
	
		
	
		
	
		
			<p style="margin-left:10px">
			File: /var/www/html/outbound/index.php<br />
			Line: 317<br />
			Function: require_once			</p>

		
	

</div>
<div style="border:1px solid #990000;padding-left:20px;margin:0 0 10px 0;">

<h4>A PHP Error was encountered</h4>

<p>Severity: Notice</p>
<p>Message:  Trying to get property of non-object</p>
<p>Filename: models/Data_model.php</p>
<p>Line Number: 41</p>


	<p>Backtrace:</p>
	
		
	
		
	
		
			<p style="margin-left:10px">
			File: /var/www/html/outbound/application/modules/admin/my_campaign/models/Data_model.php<br />
			Line: 41<br />
			Function: _error_handler			</p>

		
	
		
			<p style="margin-left:10px">
			File: /var/www/html/outbound/application/modules/admin/my_campaign/models/Data_model.php<br />
			Line: 96<br />
			Function: load_data			</p>

		
	
		
			<p style="margin-left:10px">
			File: /var/www/html/outbound/application/modules/admin/my_campaign/controllers/My_campaign.php<br />
			Line: 128<br />
			Function: count_filtered			</p>

		
	
		
	
		
	
		
			<p style="margin-left:10px">
			File: /var/www/html/outbound/index.php<br />
			Line: 317<br />
			Function: require_once			</p>

		
	

</div>{"draw":"1","recordsTotal":0,"recordsFiltered":0,"data":[]}
2019-07-13 15:43:17: Status SyntaxError: Unexpected token < in JSON at position 1
2019-07-13 15:43:17: Error parsererror
2019-07-13 15:43:23: 122021  act view campaign detail
2019-07-13 15:43:23: JQXHR response text 
<div style="border:1px solid #990000;padding-left:20px;margin:0 0 10px 0;">

<h4>A PHP Error was encountered</h4>

<p>Severity: Notice</p>
<p>Message:  Trying to get property of non-object</p>
<p>Filename: models/Data_model.php</p>
<p>Line Number: 41</p>


	<p>Backtrace:</p>
	
		
	
		
	
		
			<p style="margin-left:10px">
			File: /var/www/html/outbound/application/modules/admin/my_campaign/models/Data_model.php<br />
			Line: 41<br />
			Function: _error_handler			</p>

		
	
		
			<p style="margin-left:10px">
			File: /var/www/html/outbound/application/modules/admin/my_campaign/models/Data_model.php<br />
			Line: 87<br />
			Function: load_data			</p>

		
	
		
			<p style="margin-left:10px">
			File: /var/www/html/outbound/application/modules/admin/my_campaign/controllers/My_campaign.php<br />
			Line: 107<br />
			Function: get_load_data			</p>

		
	
		
	
		
	
		
			<p style="margin-left:10px">
			File: /var/www/html/outbound/index.php<br />
			Line: 317<br />
			Function: require_once			</p>

		
	

</div>
<div style="border:1px solid #990000;padding-left:20px;margin:0 0 10px 0;">

<h4>A PHP Error was encountered</h4>

<p>Severity: Notice</p>
<p>Message:  Trying to get property of non-object</p>
<p>Filename: models/Data_model.php</p>
<p>Line Number: 113</p>


	<p>Backtrace:</p>
	
		
	
		
	
		
			<p style="margin-left:10px">
			File: /var/www/html/outbound/application/modules/admin/my_campaign/models/Data_model.php<br />
			Line: 113<br />
			Function: _error_handler			</p>

		
	
		
			<p style="margin-left:10px">
			File: /var/www/html/outbound/application/modules/admin/my_campaign/controllers/My_campaign.php<br />
			Line: 127<br />
			Function: count_all			</p>

		
	
		
	
		
	
		
			<p style="margin-left:10px">
			File: /var/www/html/outbound/index.php<br />
			Line: 317<br />
			Function: require_once			</p>

		
	

</div>
<div style="border:1px solid #990000;padding-left:20px;margin:0 0 10px 0;">

<h4>A PHP Error was encountered</h4>

<p>Severity: Notice</p>
<p>Message:  Trying to get property of non-object</p>
<p>Filename: models/Data_model.php</p>
<p>Line Number: 41</p>


	<p>Backtrace:</p>
	
		
	
		
	
		
			<p style="margin-left:10px">
			File: /var/www/html/outbound/application/modules/admin/my_campaign/models/Data_model.php<br />
			Line: 41<br />
			Function: _error_handler			</p>

		
	
		
			<p style="margin-left:10px">
			File: /var/www/html/outbound/application/modules/admin/my_campaign/models/Data_model.php<br />
			Line: 96<br />
			Function: load_data			</p>

		
	
		
			<p style="margin-left:10px">
			File: /var/www/html/outbound/application/modules/admin/my_campaign/controllers/My_campaign.php<br />
			Line: 128<br />
			Function: count_filtered			</p>

		
	
		
	
		
	
		
			<p style="margin-left:10px">
			File: /var/www/html/outbound/index.php<br />
			Line: 317<br />
			Function: require_once			</p>

		
	

</div>{"draw":"1","recordsTotal":0,"recordsFiltered":0,"data":[]}
2019-07-13 15:43:23: Status SyntaxError: Unexpected token < in JSON at position 1
2019-07-13 15:43:23: Error parsererror
2019-07-13 15:43:25: 122021  act view campaign detail
2019-07-13 15:43:25: JQXHR response text 
<div style="border:1px solid #990000;padding-left:20px;margin:0 0 10px 0;">

<h4>A PHP Error was encountered</h4>

<p>Severity: Notice</p>
<p>Message:  Trying to get property of non-object</p>
<p>Filename: models/Data_model.php</p>
<p>Line Number: 41</p>


	<p>Backtrace:</p>
	
		
	
		
	
		
			<p style="margin-left:10px">
			File: /var/www/html/outbound/application/modules/admin/my_campaign/models/Data_model.php<br />
			Line: 41<br />
			Function: _error_handler			</p>

		
	
		
			<p style="margin-left:10px">
			File: /var/www/html/outbound/application/modules/admin/my_campaign/models/Data_model.php<br />
			Line: 87<br />
			Function: load_data			</p>

		
	
		
			<p style="margin-left:10px">
			File: /var/www/html/outbound/application/modules/admin/my_campaign/controllers/My_campaign.php<br />
			Line: 107<br />
			Function: get_load_data			</p>

		
	
		
	
		
	
		
			<p style="margin-left:10px">
			File: /var/www/html/outbound/index.php<br />
			Line: 317<br />
			Function: require_once			</p>

		
	

</div>
<div style="border:1px solid #990000;padding-left:20px;margin:0 0 10px 0;">

<h4>A PHP Error was encountered</h4>

<p>Severity: Notice</p>
<p>Message:  Trying to get property of non-object</p>
<p>Filename: models/Data_model.php</p>
<p>Line Number: 113</p>


	<p>Backtrace:</p>
	
		
	
		
	
		
			<p style="margin-left:10px">
			File: /var/www/html/outbound/application/modules/admin/my_campaign/models/Data_model.php<br />
			Line: 113<br />
			Function: _error_handler			</p>

		
	
		
			<p style="margin-left:10px">
			File: /var/www/html/outbound/application/modules/admin/my_campaign/controllers/My_campaign.php<br />
			Line: 127<br />
			Function: count_all			</p>

		
	
		
	
		
	
		
			<p style="margin-left:10px">
			File: /var/www/html/outbound/index.php<br />
			Line: 317<br />
			Function: require_once			</p>

		
	

</div>
<div style="border:1px solid #990000;padding-left:20px;margin:0 0 10px 0;">

<h4>A PHP Error was encountered</h4>

<p>Severity: Notice</p>
<p>Message:  Trying to get property of non-object</p>
<p>Filename: models/Data_model.php</p>
<p>Line Number: 41</p>


	<p>Backtrace:</p>
	
		
	
		
	
		
			<p style="margin-left:10px">
			File: /var/www/html/outbound/application/modules/admin/my_campaign/models/Data_model.php<br />
			Line: 41<br />
			Function: _error_handler			</p>

		
	
		
			<p style="margin-left:10px">
			File: /var/www/html/outbound/application/modules/admin/my_campaign/models/Data_model.php<br />
			Line: 96<br />
			Function: load_data			</p>

		
	
		
			<p style="margin-left:10px">
			File: /var/www/html/outbound/application/modules/admin/my_campaign/controllers/My_campaign.php<br />
			Line: 128<br />
			Function: count_filtered			</p>

		
	
		
	
		
	
		
			<p style="margin-left:10px">
			File: /var/www/html/outbound/index.php<br />
			Line: 317<br />
			Function: require_once			</p>

		
	

</div>{"draw":"1","recordsTotal":0,"recordsFiltered":0,"data":[]}
2019-07-13 15:43:25: Status SyntaxError: Unexpected token < in JSON at position 1
2019-07-13 15:43:25: Error parsererror
2019-07-13 18:02:02: 122021  act view campaign detail
2019-07-13 18:02:02: JQXHR response text 
<div style="border:1px solid #990000;padding-left:20px;margin:0 0 10px 0;">

<h4>A PHP Error was encountered</h4>

<p>Severity: Notice</p>
<p>Message:  Trying to get property of non-object</p>
<p>Filename: models/Data_model.php</p>
<p>Line Number: 41</p>


	<p>Backtrace:</p>
	
		
	
		
	
		
			<p style="margin-left:10px">
			File: /var/www/html/outbound/application/modules/admin/my_campaign/models/Data_model.php<br />
			Line: 41<br />
			Function: _error_handler			</p>

		
	
		
			<p style="margin-left:10px">
			File: /var/www/html/outbound/application/modules/admin/my_campaign/models/Data_model.php<br />
			Line: 87<br />
			Function: load_data			</p>

		
	
		
			<p style="margin-left:10px">
			File: /var/www/html/outbound/application/modules/admin/my_campaign/controllers/My_campaign.php<br />
			Line: 107<br />
			Function: get_load_data			</p>

		
	
		
	
		
	
		
			<p style="margin-left:10px">
			File: /var/www/html/outbound/index.php<br />
			Line: 317<br />
			Function: require_once			</p>

		
	

</div>
<div style="border:1px solid #990000;padding-left:20px;margin:0 0 10px 0;">

<h4>A PHP Error was encountered</h4>

<p>Severity: Notice</p>
<p>Message:  Trying to get property of non-object</p>
<p>Filename: models/Data_model.php</p>
<p>Line Number: 113</p>


	<p>Backtrace:</p>
	
		
	
		
	
		
			<p style="margin-left:10px">
			File: /var/www/html/outbound/application/modules/admin/my_campaign/models/Data_model.php<br />
			Line: 113<br />
			Function: _error_handler			</p>

		
	
		
			<p style="margin-left:10px">
			File: /var/www/html/outbound/application/modules/admin/my_campaign/controllers/My_campaign.php<br />
			Line: 127<br />
			Function: count_all			</p>

		
	
		
	
		
	
		
			<p style="margin-left:10px">
			File: /var/www/html/outbound/index.php<br />
			Line: 317<br />
			Function: require_once			</p>

		
	

</div>
<div style="border:1px solid #990000;padding-left:20px;margin:0 0 10px 0;">

<h4>A PHP Error was encountered</h4>

<p>Severity: Notice</p>
<p>Message:  Trying to get property of non-object</p>
<p>Filename: models/Data_model.php</p>
<p>Line Number: 41</p>


	<p>Backtrace:</p>
	
		
	
		
	
		
			<p style="margin-left:10px">
			File: /var/www/html/outbound/application/modules/admin/my_campaign/models/Data_model.php<br />
			Line: 41<br />
			Function: _error_handler			</p>

		
	
		
			<p style="margin-left:10px">
			File: /var/www/html/outbound/application/modules/admin/my_campaign/models/Data_model.php<br />
			Line: 96<br />
			Function: load_data			</p>

		
	
		
			<p style="margin-left:10px">
			File: /var/www/html/outbound/application/modules/admin/my_campaign/controllers/My_campaign.php<br />
			Line: 128<br />
			Function: count_filtered			</p>

		
	
		
	
		
	
		
			<p style="margin-left:10px">
			File: /var/www/html/outbound/index.php<br />
			Line: 317<br />
			Function: require_once			</p>

		
	

</div>{"draw":"1","recordsTotal":0,"recordsFiltered":0,"data":[]}
2019-07-13 18:02:02: Status SyntaxError: Unexpected token < in JSON at position 1
2019-07-13 18:02:02: Error parsererror
