2019-07-20 10:55:24: 12018  act view campaign detail
2019-07-20 10:55:24: JQXHR response text 
2019-07-20 10:55:24: Status 
2019-07-20 10:55:24: Error error
2019-07-20 10:59:23: 12017  act view campaign detail
2019-07-20 10:59:23: JQXHR response text 
<div style="border:1px solid #990000;padding-left:20px;margin:0 0 10px 0;">

<h4>A PHP Error was encountered</h4>

<p>Severity: Notice</p>
<p>Message:  Trying to get property of non-object</p>
<p>Filename: models/Data_model.php</p>
<p>Line Number: 41</p>


	<p>Backtrace:</p>
	
		
	
		
	
		
			<p style="margin-left:10px">
			File: /var/www/html/outbound/application/modules/admin/my_campaign/models/Data_model.php<br />
			Line: 41<br />
			Function: _error_handler			</p>

		
	
		
			<p style="margin-left:10px">
			File: /var/www/html/outbound/application/modules/admin/my_campaign/models/Data_model.php<br />
			Line: 87<br />
			Function: load_data			</p>

		
	
		
			<p style="margin-left:10px">
			File: /var/www/html/outbound/application/modules/admin/my_campaign/controllers/My_campaign.php<br />
			Line: 107<br />
			Function: get_load_data			</p>

		
	
		
	
		
	
		
			<p style="margin-left:10px">
			File: /var/www/html/outbound/index.php<br />
			Line: 317<br />
			Function: require_once			</p>

		
	

</div>
<div style="border:1px solid #990000;padding-left:20px;margin:0 0 10px 0;">

<h4>A PHP Error was encountered</h4>

<p>Severity: Notice</p>
<p>Message:  Trying to get property of non-object</p>
<p>Filename: models/Data_model.php</p>
<p>Line Number: 113</p>


	<p>Backtrace:</p>
	
		
	
		
	
		
			<p style="margin-left:10px">
			File: /var/www/html/outbound/application/modules/admin/my_campaign/models/Data_model.php<br />
			Line: 113<br />
			Function: _error_handler			</p>

		
	
		
			<p style="margin-left:10px">
			File: /var/www/html/outbound/application/modules/admin/my_campaign/controllers/My_campaign.php<br />
			Line: 127<br />
			Function: count_all			</p>

		
	
		
	
		
	
		
			<p style="margin-left:10px">
			File: /var/www/html/outbound/index.php<br />
			Line: 317<br />
			Function: require_once			</p>

		
	

</div>
<div style="border:1px solid #990000;padding-left:20px;margin:0 0 10px 0;">

<h4>A PHP Error was encountered</h4>

<p>Severity: Notice</p>
<p>Message:  Trying to get property of non-object</p>
<p>Filename: models/Data_model.php</p>
<p>Line Number: 41</p>


	<p>Backtrace:</p>
	
		
	
		
	
		
			<p style="margin-left:10px">
			File: /var/www/html/outbound/application/modules/admin/my_campaign/models/Data_model.php<br />
			Line: 41<br />
			Function: _error_handler			</p>

		
	
		
			<p style="margin-left:10px">
			File: /var/www/html/outbound/application/modules/admin/my_campaign/models/Data_model.php<br />
			Line: 96<br />
			Function: load_data			</p>

		
	
		
			<p style="margin-left:10px">
			File: /var/www/html/outbound/application/modules/admin/my_campaign/controllers/My_campaign.php<br />
			Line: 128<br />
			Function: count_filtered			</p>

		
	
		
	
		
	
		
			<p style="margin-left:10px">
			File: /var/www/html/outbound/index.php<br />
			Line: 317<br />
			Function: require_once			</p>

		
	

</div>{"draw":"1","recordsTotal":0,"recordsFiltered":0,"data":[]}
2019-07-20 10:59:23: Status SyntaxError: Unexpected token < in JSON at position 1
2019-07-20 10:59:23: Error parsererror
2019-07-20 11:01:08: 12017  act view campaign detail
2019-07-20 11:01:08: JQXHR response text 
<div style="border:1px solid #990000;padding-left:20px;margin:0 0 10px 0;">

<h4>A PHP Error was encountered</h4>

<p>Severity: Notice</p>
<p>Message:  Trying to get property of non-object</p>
<p>Filename: models/Data_model.php</p>
<p>Line Number: 41</p>


	<p>Backtrace:</p>
	
		
	
		
	
		
			<p style="margin-left:10px">
			File: /var/www/html/outbound/application/modules/admin/my_campaign/models/Data_model.php<br />
			Line: 41<br />
			Function: _error_handler			</p>

		
	
		
			<p style="margin-left:10px">
			File: /var/www/html/outbound/application/modules/admin/my_campaign/models/Data_model.php<br />
			Line: 87<br />
			Function: load_data			</p>

		
	
		
			<p style="margin-left:10px">
			File: /var/www/html/outbound/application/modules/admin/my_campaign/controllers/My_campaign.php<br />
			Line: 107<br />
			Function: get_load_data			</p>

		
	
		
	
		
	
		
			<p style="margin-left:10px">
			File: /var/www/html/outbound/index.php<br />
			Line: 317<br />
			Function: require_once			</p>

		
	

</div>
<div style="border:1px solid #990000;padding-left:20px;margin:0 0 10px 0;">

<h4>A PHP Error was encountered</h4>

<p>Severity: Notice</p>
<p>Message:  Trying to get property of non-object</p>
<p>Filename: models/Data_model.php</p>
<p>Line Number: 113</p>


	<p>Backtrace:</p>
	
		
	
		
	
		
			<p style="margin-left:10px">
			File: /var/www/html/outbound/application/modules/admin/my_campaign/models/Data_model.php<br />
			Line: 113<br />
			Function: _error_handler			</p>

		
	
		
			<p style="margin-left:10px">
			File: /var/www/html/outbound/application/modules/admin/my_campaign/controllers/My_campaign.php<br />
			Line: 127<br />
			Function: count_all			</p>

		
	
		
	
		
	
		
			<p style="margin-left:10px">
			File: /var/www/html/outbound/index.php<br />
			Line: 317<br />
			Function: require_once			</p>

		
	

</div>
<div style="border:1px solid #990000;padding-left:20px;margin:0 0 10px 0;">

<h4>A PHP Error was encountered</h4>

<p>Severity: Notice</p>
<p>Message:  Trying to get property of non-object</p>
<p>Filename: models/Data_model.php</p>
<p>Line Number: 41</p>


	<p>Backtrace:</p>
	
		
	
		
	
		
			<p style="margin-left:10px">
			File: /var/www/html/outbound/application/modules/admin/my_campaign/models/Data_model.php<br />
			Line: 41<br />
			Function: _error_handler			</p>

		
	
		
			<p style="margin-left:10px">
			File: /var/www/html/outbound/application/modules/admin/my_campaign/models/Data_model.php<br />
			Line: 96<br />
			Function: load_data			</p>

		
	
		
			<p style="margin-left:10px">
			File: /var/www/html/outbound/application/modules/admin/my_campaign/controllers/My_campaign.php<br />
			Line: 128<br />
			Function: count_filtered			</p>

		
	
		
	
		
	
		
			<p style="margin-left:10px">
			File: /var/www/html/outbound/index.php<br />
			Line: 317<br />
			Function: require_once			</p>

		
	

</div>{"draw":"1","recordsTotal":0,"recordsFiltered":0,"data":[]}
2019-07-20 11:01:08: Status SyntaxError: Unexpected token < in JSON at position 1
2019-07-20 11:01:08: Error parsererror
2019-07-20 11:15:21: 12017  act view campaign detail
2019-07-20 11:15:21: JQXHR response text 
<div style="border:1px solid #990000;padding-left:20px;margin:0 0 10px 0;">

<h4>A PHP Error was encountered</h4>

<p>Severity: Notice</p>
<p>Message:  Trying to get property of non-object</p>
<p>Filename: models/Data_model.php</p>
<p>Line Number: 41</p>


	<p>Backtrace:</p>
	
		
	
		
	
		
			<p style="margin-left:10px">
			File: /var/www/html/outbound/application/modules/admin/my_campaign/models/Data_model.php<br />
			Line: 41<br />
			Function: _error_handler			</p>

		
	
		
			<p style="margin-left:10px">
			File: /var/www/html/outbound/application/modules/admin/my_campaign/models/Data_model.php<br />
			Line: 87<br />
			Function: load_data			</p>

		
	
		
			<p style="margin-left:10px">
			File: /var/www/html/outbound/application/modules/admin/my_campaign/controllers/My_campaign.php<br />
			Line: 107<br />
			Function: get_load_data			</p>

		
	
		
	
		
	
		
			<p style="margin-left:10px">
			File: /var/www/html/outbound/index.php<br />
			Line: 317<br />
			Function: require_once			</p>

		
	

</div>
<div style="border:1px solid #990000;padding-left:20px;margin:0 0 10px 0;">

<h4>A PHP Error was encountered</h4>

<p>Severity: Notice</p>
<p>Message:  Trying to get property of non-object</p>
<p>Filename: models/Data_model.php</p>
<p>Line Number: 113</p>


	<p>Backtrace:</p>
	
		
	
		
	
		
			<p style="margin-left:10px">
			File: /var/www/html/outbound/application/modules/admin/my_campaign/models/Data_model.php<br />
			Line: 113<br />
			Function: _error_handler			</p>

		
	
		
			<p style="margin-left:10px">
			File: /var/www/html/outbound/application/modules/admin/my_campaign/controllers/My_campaign.php<br />
			Line: 127<br />
			Function: count_all			</p>

		
	
		
	
		
	
		
			<p style="margin-left:10px">
			File: /var/www/html/outbound/index.php<br />
			Line: 317<br />
			Function: require_once			</p>

		
	

</div>
<div style="border:1px solid #990000;padding-left:20px;margin:0 0 10px 0;">

<h4>A PHP Error was encountered</h4>

<p>Severity: Notice</p>
<p>Message:  Trying to get property of non-object</p>
<p>Filename: models/Data_model.php</p>
<p>Line Number: 41</p>


	<p>Backtrace:</p>
	
		
	
		
	
		
			<p style="margin-left:10px">
			File: /var/www/html/outbound/application/modules/admin/my_campaign/models/Data_model.php<br />
			Line: 41<br />
			Function: _error_handler			</p>

		
	
		
			<p style="margin-left:10px">
			File: /var/www/html/outbound/application/modules/admin/my_campaign/models/Data_model.php<br />
			Line: 96<br />
			Function: load_data			</p>

		
	
		
			<p style="margin-left:10px">
			File: /var/www/html/outbound/application/modules/admin/my_campaign/controllers/My_campaign.php<br />
			Line: 128<br />
			Function: count_filtered			</p>

		
	
		
	
		
	
		
			<p style="margin-left:10px">
			File: /var/www/html/outbound/index.php<br />
			Line: 317<br />
			Function: require_once			</p>

		
	

</div>{"draw":"1","recordsTotal":0,"recordsFiltered":0,"data":[]}
2019-07-20 11:15:21: Status SyntaxError: Unexpected token < in JSON at position 1
2019-07-20 11:15:21: Error parsererror
2019-07-20 14:58:51: 12017  act view campaign detail
2019-07-20 14:58:51: JQXHR response text 
<div style="border:1px solid #990000;padding-left:20px;margin:0 0 10px 0;">

<h4>A PHP Error was encountered</h4>

<p>Severity: Notice</p>
<p>Message:  Trying to get property of non-object</p>
<p>Filename: models/Data_model.php</p>
<p>Line Number: 41</p>


	<p>Backtrace:</p>
	
		
	
		
	
		
			<p style="margin-left:10px">
			File: /var/www/html/outbound/application/modules/admin/my_campaign/models/Data_model.php<br />
			Line: 41<br />
			Function: _error_handler			</p>

		
	
		
			<p style="margin-left:10px">
			File: /var/www/html/outbound/application/modules/admin/my_campaign/models/Data_model.php<br />
			Line: 87<br />
			Function: load_data			</p>

		
	
		
			<p style="margin-left:10px">
			File: /var/www/html/outbound/application/modules/admin/my_campaign/controllers/My_campaign.php<br />
			Line: 107<br />
			Function: get_load_data			</p>

		
	
		
	
		
	
		
			<p style="margin-left:10px">
			File: /var/www/html/outbound/index.php<br />
			Line: 317<br />
			Function: require_once			</p>

		
	

</div>
<div style="border:1px solid #990000;padding-left:20px;margin:0 0 10px 0;">

<h4>A PHP Error was encountered</h4>

<p>Severity: Notice</p>
<p>Message:  Trying to get property of non-object</p>
<p>Filename: models/Data_model.php</p>
<p>Line Number: 113</p>


	<p>Backtrace:</p>
	
		
	
		
	
		
			<p style="margin-left:10px">
			File: /var/www/html/outbound/application/modules/admin/my_campaign/models/Data_model.php<br />
			Line: 113<br />
			Function: _error_handler			</p>

		
	
		
			<p style="margin-left:10px">
			File: /var/www/html/outbound/application/modules/admin/my_campaign/controllers/My_campaign.php<br />
			Line: 127<br />
			Function: count_all			</p>

		
	
		
	
		
	
		
			<p style="margin-left:10px">
			File: /var/www/html/outbound/index.php<br />
			Line: 317<br />
			Function: require_once			</p>

		
	

</div>
<div style="border:1px solid #990000;padding-left:20px;margin:0 0 10px 0;">

<h4>A PHP Error was encountered</h4>

<p>Severity: Notice</p>
<p>Message:  Trying to get property of non-object</p>
<p>Filename: models/Data_model.php</p>
<p>Line Number: 41</p>


	<p>Backtrace:</p>
	
		
	
		
	
		
			<p style="margin-left:10px">
			File: /var/www/html/outbound/application/modules/admin/my_campaign/models/Data_model.php<br />
			Line: 41<br />
			Function: _error_handler			</p>

		
	
		
			<p style="margin-left:10px">
			File: /var/www/html/outbound/application/modules/admin/my_campaign/models/Data_model.php<br />
			Line: 96<br />
			Function: load_data			</p>

		
	
		
			<p style="margin-left:10px">
			File: /var/www/html/outbound/application/modules/admin/my_campaign/controllers/My_campaign.php<br />
			Line: 128<br />
			Function: count_filtered			</p>

		
	
		
	
		
	
		
			<p style="margin-left:10px">
			File: /var/www/html/outbound/index.php<br />
			Line: 317<br />
			Function: require_once			</p>

		
	

</div>{"draw":"1","recordsTotal":0,"recordsFiltered":0,"data":[]}
2019-07-20 14:58:51: Status SyntaxError: Unexpected token < in JSON at position 1
2019-07-20 14:58:51: Error parsererror
