2019-08-04 10:12:33: 12012  act calling
2019-08-04 10:12:33: JQXHR response text 
<div style="border:1px solid #990000;padding-left:20px;margin:0 0 10px 0;">

<h4>A PHP Error was encountered</h4>

<p>Severity: Notice</p>
<p>Message:  Undefined index: id</p>
<p>Filename: controllers/Wa.php</p>
<p>Line Number: 240</p>


	<p>Backtrace:</p>
	
		
	
		
	
		
			<p style="margin-left:10px">
			File: /var/www/html/outbound/application/modules/admin/wa/controllers/Wa.php<br />
			Line: 240<br />
			Function: _error_handler			</p>

		
	
		
	
		
	
		
			<p style="margin-left:10px">
			File: /var/www/html/outbound/index.php<br />
			Line: 317<br />
			Function: require_once			</p>

		
	

</div>
<div style="border:1px solid #990000;padding-left:20px;margin:0 0 10px 0;">

<h4>A PHP Error was encountered</h4>

<p>Severity: Notice</p>
<p>Message:  Undefined index: id</p>
<p>Filename: controllers/Wa.php</p>
<p>Line Number: 241</p>


	<p>Backtrace:</p>
	
		
	
		
	
		
			<p style="margin-left:10px">
			File: /var/www/html/outbound/application/modules/admin/wa/controllers/Wa.php<br />
			Line: 241<br />
			Function: _error_handler			</p>

		
	
		
	
		
	
		
			<p style="margin-left:10px">
			File: /var/www/html/outbound/index.php<br />
			Line: 317<br />
			Function: require_once			</p>

		
	

</div><!DOCTYPE html>
<html lang="en">
<head>
<meta charset="utf-8">
<title>Database Error</title>
<style type="text/css">

::selection { background-color: #E13300; color: white; }
::-moz-selection { background-color: #E13300; color: white; }

body {
	background-color: #fff;
	margin: 40px;
	font: 13px/20px normal Helvetica, Arial, sans-serif;
	color: #4F5155;
}

a {
	color: #003399;
	background-color: transparent;
	font-weight: normal;
}

h1 {
	color: #444;
	background-color: transparent;
	border-bottom: 1px solid #D0D0D0;
	font-size: 19px;
	font-weight: normal;
	margin: 0 0 14px 0;
	padding: 14px 15px 10px 15px;
}

code {
	font-family: Consolas, Monaco, Courier New, Courier, monospace;
	font-size: 12px;
	background-color: #f9f9f9;
	border: 1px solid #D0D0D0;
	color: #002166;
	display: block;
	margin: 14px 0 14px 0;
	padding: 12px 10px 12px 10px;
}

#container {
	margin: 10px;
	border: 1px solid #D0D0D0;
	box-shadow: 0 0 8px #D0D0D0;
}

p {
	margin: 12px 15px 12px 15px;
}
</style>
</head>
<body>
	<div id="container">
		<h1>A Database Error Occurred</h1>
		<p>Error Number: 1048</p><p>Column 'id' cannot be null</p><p>INSERT INTO `whatsapp_chat_473` (`id`, `data_id`, `wa_number`, `wa_text`, `status`, `agent_id`, `chat_time`) VALUES (NULL, '710', '6285277895651', '', 'Failed', '57', '2019-08-04 10:12:27')</p><p>Filename: modules/admin/wa/models/Wa_data_model.php</p><p>Line Number: 111</p>	</div>
</body>
</html>
2019-08-04 10:12:33: Status error
2019-08-04 10:12:33: Error Internal Server Error
2019-08-04 11:39:55: 12012  act view campaign detail
2019-08-04 11:39:55: JQXHR response text 
2019-08-04 11:39:55: Status 
2019-08-04 11:39:55: Error error
2019-08-04 11:39:55: 12012  act view campaign detail
2019-08-04 11:39:55: JQXHR response text 
2019-08-04 11:39:55: Status 
2019-08-04 11:39:55: Error error
2019-08-04 12:45:15: 12012  act calling
2019-08-04 12:45:15: JQXHR response text 
2019-08-04 12:45:15: Status error
2019-08-04 12:45:15: Error 
2019-08-04 12:45:17: 12012  act calling
2019-08-04 12:45:17: JQXHR response text 
2019-08-04 12:45:17: Status error
2019-08-04 12:45:17: Error 
2019-08-04 12:45:17: 12012  act calling
2019-08-04 12:45:17: JQXHR response text 
2019-08-04 12:45:17: Status error
2019-08-04 12:45:17: Error 
2019-08-04 12:45:18: 12012  act calling
2019-08-04 12:45:18: JQXHR response text 
2019-08-04 12:45:18: Status error
2019-08-04 12:45:18: Error 
2019-08-04 14:47:21: 12039  act calling
2019-08-04 14:47:21: JQXHR response text 
2019-08-04 14:47:21: Status error
2019-08-04 14:47:21: Error 
2019-08-04 16:20:01: 12018  act view campaign detail
2019-08-04 16:20:01: JQXHR response text 
2019-08-04 16:20:01: Status 
2019-08-04 16:20:01: Error error
