2019-07-15 09:52:26: 12036  act view campaign detail
2019-07-15 09:52:26: JQXHR response text 
2019-07-15 09:52:26: Status 
2019-07-15 09:52:26: Error error
2019-07-15 10:04:39: 12036  act calling
2019-07-15 10:04:39: JQXHR response text 
2019-07-15 10:04:39: Status error
2019-07-15 10:04:39: Error 
2019-07-15 10:10:08: 12010  act view campaign detail
2019-07-15 10:10:08: JQXHR response text 
<div style="border:1px solid #990000;padding-left:20px;margin:0 0 10px 0;">

<h4>A PHP Error was encountered</h4>

<p>Severity: Notice</p>
<p>Message:  Trying to get property of non-object</p>
<p>Filename: models/Data_model.php</p>
<p>Line Number: 41</p>


	<p>Backtrace:</p>
	
		
	
		
	
		
			<p style="margin-left:10px">
			File: /var/www/html/outbound/application/modules/admin/my_campaign/models/Data_model.php<br />
			Line: 41<br />
			Function: _error_handler			</p>

		
	
		
			<p style="margin-left:10px">
			File: /var/www/html/outbound/application/modules/admin/my_campaign/models/Data_model.php<br />
			Line: 87<br />
			Function: load_data			</p>

		
	
		
			<p style="margin-left:10px">
			File: /var/www/html/outbound/application/modules/admin/my_campaign/controllers/My_campaign.php<br />
			Line: 107<br />
			Function: get_load_data			</p>

		
	
		
	
		
	
		
			<p style="margin-left:10px">
			File: /var/www/html/outbound/index.php<br />
			Line: 317<br />
			Function: require_once			</p>

		
	

</div>
<div style="border:1px solid #990000;padding-left:20px;margin:0 0 10px 0;">

<h4>A PHP Error was encountered</h4>

<p>Severity: Notice</p>
<p>Message:  Trying to get property of non-object</p>
<p>Filename: models/Data_model.php</p>
<p>Line Number: 113</p>


	<p>Backtrace:</p>
	
		
	
		
	
		
			<p style="margin-left:10px">
			File: /var/www/html/outbound/application/modules/admin/my_campaign/models/Data_model.php<br />
			Line: 113<br />
			Function: _error_handler			</p>

		
	
		
			<p style="margin-left:10px">
			File: /var/www/html/outbound/application/modules/admin/my_campaign/controllers/My_campaign.php<br />
			Line: 127<br />
			Function: count_all			</p>

		
	
		
	
		
	
		
			<p style="margin-left:10px">
			File: /var/www/html/outbound/index.php<br />
			Line: 317<br />
			Function: require_once			</p>

		
	

</div>
<div style="border:1px solid #990000;padding-left:20px;margin:0 0 10px 0;">

<h4>A PHP Error was encountered</h4>

<p>Severity: Notice</p>
<p>Message:  Trying to get property of non-object</p>
<p>Filename: models/Data_model.php</p>
<p>Line Number: 41</p>


	<p>Backtrace:</p>
	
		
	
		
	
		
			<p style="margin-left:10px">
			File: /var/www/html/outbound/application/modules/admin/my_campaign/models/Data_model.php<br />
			Line: 41<br />
			Function: _error_handler			</p>

		
	
		
			<p style="margin-left:10px">
			File: /var/www/html/outbound/application/modules/admin/my_campaign/models/Data_model.php<br />
			Line: 96<br />
			Function: load_data			</p>

		
	
		
			<p style="margin-left:10px">
			File: /var/www/html/outbound/application/modules/admin/my_campaign/controllers/My_campaign.php<br />
			Line: 128<br />
			Function: count_filtered			</p>

		
	
		
	
		
	
		
			<p style="margin-left:10px">
			File: /var/www/html/outbound/index.php<br />
			Line: 317<br />
			Function: require_once			</p>

		
	

</div>{"draw":"1","recordsTotal":0,"recordsFiltered":0,"data":[]}
2019-07-15 10:10:08: Status SyntaxError: Unexpected token < in JSON at position 1
2019-07-15 10:10:08: Error parsererror
2019-07-15 10:45:31: 12039  act calling
2019-07-15 10:45:31: JQXHR response text 
2019-07-15 10:45:31: Status error
2019-07-15 10:45:31: Error 
2019-07-15 10:46:18: 12039  act calling
2019-07-15 10:46:18: JQXHR response text 
2019-07-15 10:46:18: Status error
2019-07-15 10:46:18: Error 
2019-07-15 11:21:35: 12039  act calling
2019-07-15 11:21:35: JQXHR response text 
2019-07-15 11:21:35: Status error
2019-07-15 11:21:35: Error 
2019-07-15 11:34:16: 12039  act calling
2019-07-15 11:34:16: JQXHR response text 
2019-07-15 11:34:16: Status error
2019-07-15 11:34:16: Error 
2019-07-15 11:48:46: 12039  act calling
2019-07-15 11:48:46: JQXHR response text 
2019-07-15 11:48:46: Status error
2019-07-15 11:48:46: Error 
2019-07-15 11:57:50: 12039  act calling
2019-07-15 11:57:50: JQXHR response text 
2019-07-15 11:57:50: Status error
2019-07-15 11:57:50: Error 
2019-07-15 13:00:41: 12036  act calling
2019-07-15 13:00:41: JQXHR response text 
2019-07-15 13:00:41: Status error
2019-07-15 13:00:41: Error 
2019-07-15 13:19:37: 12039  act calling
2019-07-15 13:19:37: JQXHR response text 
2019-07-15 13:19:37: Status error
2019-07-15 13:19:37: Error 
2019-07-15 14:50:30: 12039  act calling
2019-07-15 14:50:30: JQXHR response text 
2019-07-15 14:50:30: Status error
2019-07-15 14:50:30: Error 
2019-07-15 15:04:25: 12010  act view campaign detail
2019-07-15 15:04:25: JQXHR response text 
<div style="border:1px solid #990000;padding-left:20px;margin:0 0 10px 0;">

<h4>A PHP Error was encountered</h4>

<p>Severity: Notice</p>
<p>Message:  Trying to get property of non-object</p>
<p>Filename: models/Data_model.php</p>
<p>Line Number: 41</p>


	<p>Backtrace:</p>
	
		
	
		
	
		
			<p style="margin-left:10px">
			File: /var/www/html/outbound/application/modules/admin/my_campaign/models/Data_model.php<br />
			Line: 41<br />
			Function: _error_handler			</p>

		
	
		
			<p style="margin-left:10px">
			File: /var/www/html/outbound/application/modules/admin/my_campaign/models/Data_model.php<br />
			Line: 87<br />
			Function: load_data			</p>

		
	
		
			<p style="margin-left:10px">
			File: /var/www/html/outbound/application/modules/admin/my_campaign/controllers/My_campaign.php<br />
			Line: 107<br />
			Function: get_load_data			</p>

		
	
		
	
		
	
		
			<p style="margin-left:10px">
			File: /var/www/html/outbound/index.php<br />
			Line: 317<br />
			Function: require_once			</p>

		
	

</div>
<div style="border:1px solid #990000;padding-left:20px;margin:0 0 10px 0;">

<h4>A PHP Error was encountered</h4>

<p>Severity: Notice</p>
<p>Message:  Trying to get property of non-object</p>
<p>Filename: models/Data_model.php</p>
<p>Line Number: 113</p>


	<p>Backtrace:</p>
	
		
	
		
	
		
			<p style="margin-left:10px">
			File: /var/www/html/outbound/application/modules/admin/my_campaign/models/Data_model.php<br />
			Line: 113<br />
			Function: _error_handler			</p>

		
	
		
			<p style="margin-left:10px">
			File: /var/www/html/outbound/application/modules/admin/my_campaign/controllers/My_campaign.php<br />
			Line: 127<br />
			Function: count_all			</p>

		
	
		
	
		
	
		
			<p style="margin-left:10px">
			File: /var/www/html/outbound/index.php<br />
			Line: 317<br />
			Function: require_once			</p>

		
	

</div>
<div style="border:1px solid #990000;padding-left:20px;margin:0 0 10px 0;">

<h4>A PHP Error was encountered</h4>

<p>Severity: Notice</p>
<p>Message:  Trying to get property of non-object</p>
<p>Filename: models/Data_model.php</p>
<p>Line Number: 41</p>


	<p>Backtrace:</p>
	
		
	
		
	
		
			<p style="margin-left:10px">
			File: /var/www/html/outbound/application/modules/admin/my_campaign/models/Data_model.php<br />
			Line: 41<br />
			Function: _error_handler			</p>

		
	
		
			<p style="margin-left:10px">
			File: /var/www/html/outbound/application/modules/admin/my_campaign/models/Data_model.php<br />
			Line: 96<br />
			Function: load_data			</p>

		
	
		
			<p style="margin-left:10px">
			File: /var/www/html/outbound/application/modules/admin/my_campaign/controllers/My_campaign.php<br />
			Line: 128<br />
			Function: count_filtered			</p>

		
	
		
	
		
	
		
			<p style="margin-left:10px">
			File: /var/www/html/outbound/index.php<br />
			Line: 317<br />
			Function: require_once			</p>

		
	

</div>{"draw":"1","recordsTotal":0,"recordsFiltered":0,"data":[]}
2019-07-15 15:04:25: Status SyntaxError: Unexpected token < in JSON at position 1
2019-07-15 15:04:25: Error parsererror
2019-07-15 17:21:07: 12036  act calling
2019-07-15 17:21:07: JQXHR response text 
2019-07-15 17:21:07: Status error
2019-07-15 17:21:07: Error 
2019-07-15 17:44:26: 12005  act view campaign detail
2019-07-15 17:44:26: JQXHR response text 
2019-07-15 17:44:26: Status 
2019-07-15 17:44:26: Error error
