2019-07-07 09:22:44: 12039  act calling
2019-07-07 09:22:44: JQXHR response text 
2019-07-07 09:22:44: Status error
2019-07-07 09:22:44: Error 
2019-07-07 09:43:05: 12039  act calling
2019-07-07 09:43:05: JQXHR response text 
2019-07-07 09:43:05: Status error
2019-07-07 09:43:05: Error 
2019-07-07 10:02:16: 12039  act calling
2019-07-07 10:02:16: JQXHR response text 
2019-07-07 10:02:16: Status error
2019-07-07 10:02:16: Error 
2019-07-07 10:23:22: 12039  act calling
2019-07-07 10:23:22: JQXHR response text 
2019-07-07 10:23:22: Status error
2019-07-07 10:23:22: Error 
2019-07-07 10:24:04: 12005  act calling
2019-07-07 10:24:04: JQXHR response text 
2019-07-07 10:24:04: Status error
2019-07-07 10:24:04: Error 
2019-07-07 11:16:37: 12039  act calling
2019-07-07 11:16:37: JQXHR response text 
2019-07-07 11:16:37: Status error
2019-07-07 11:16:37: Error 
2019-07-07 11:23:10: 12039  act calling
2019-07-07 11:23:10: JQXHR response text 
2019-07-07 11:23:10: Status error
2019-07-07 11:23:10: Error 
2019-07-07 11:27:04: 12039  act calling
2019-07-07 11:27:04: JQXHR response text 
2019-07-07 11:27:04: Status error
2019-07-07 11:27:04: Error 
2019-07-07 13:18:05: 12039  act calling
2019-07-07 13:18:05: JQXHR response text 
2019-07-07 13:18:05: Status error
2019-07-07 13:18:05: Error 
2019-07-07 13:19:00: 12039  act calling
2019-07-07 13:19:00: JQXHR response text 
2019-07-07 13:19:00: Status error
2019-07-07 13:19:00: Error 
2019-07-07 13:19:47: 12039  act calling
2019-07-07 13:19:47: JQXHR response text 
2019-07-07 13:19:47: Status error
2019-07-07 13:19:47: Error 
2019-07-07 13:31:56: 12039  act calling
2019-07-07 13:31:56: JQXHR response text 
2019-07-07 13:31:56: Status error
2019-07-07 13:31:56: Error 
2019-07-07 13:34:06: 12039  act calling
2019-07-07 13:34:06: JQXHR response text 
2019-07-07 13:34:06: Status error
2019-07-07 13:34:06: Error 
2019-07-07 13:37:39: 12039  act view campaign detail
2019-07-07 13:37:39: JQXHR response text 
2019-07-07 13:37:39: Status 
2019-07-07 13:37:39: Error error
2019-07-07 14:06:30: 12039  act calling
2019-07-07 14:06:30: JQXHR response text 
2019-07-07 14:06:30: Status error
2019-07-07 14:06:30: Error 
2019-07-07 14:06:31: 12039  act calling
2019-07-07 14:06:31: JQXHR response text 
2019-07-07 14:06:31: Status error
2019-07-07 14:06:31: Error 
2019-07-07 14:07:36: 12039  act calling
2019-07-07 14:07:36: JQXHR response text 
2019-07-07 14:07:36: Status error
2019-07-07 14:07:36: Error 
2019-07-07 14:15:13: 12039  act calling
2019-07-07 14:15:13: JQXHR response text 
2019-07-07 14:15:13: Status error
2019-07-07 14:15:13: Error 
2019-07-07 14:15:43: 12039  act calling
2019-07-07 14:15:43: JQXHR response text 
2019-07-07 14:15:43: Status error
2019-07-07 14:15:43: Error 
2019-07-07 14:22:55: 12039  act calling
2019-07-07 14:22:55: JQXHR response text 
2019-07-07 14:22:55: Status error
2019-07-07 14:22:55: Error 
2019-07-07 14:25:53: 12039  act view campaign detail
2019-07-07 14:25:53: JQXHR response text 
2019-07-07 14:25:53: Status 
2019-07-07 14:25:53: Error error
2019-07-07 15:54:09: 12039  act calling
2019-07-07 15:54:09: JQXHR response text 
2019-07-07 15:54:09: Status error
2019-07-07 15:54:09: Error 
2019-07-07 16:01:08: 12039  act calling
2019-07-07 16:01:08: JQXHR response text 
2019-07-07 16:01:08: Status error
2019-07-07 16:01:08: Error 
2019-07-07 16:01:50: 12039  act calling
2019-07-07 16:01:50: JQXHR response text 
2019-07-07 16:01:50: Status error
2019-07-07 16:01:50: Error 
