2019-09-20 09:15:03: 122002  act submit call
2019-09-20 09:15:03: JQXHR response text 
2019-09-20 09:15:03: Status error
2019-09-20 09:15:03: Error 
2019-09-20 09:28:51: 010  act submit call
2019-09-20 09:28:51: JQXHR response text <!DOCTYPE html>
<html lang="en">
<head>
<meta charset="utf-8">
<title>Database Error</title>
<style type="text/css">

::selection { background-color: #E13300; color: white; }
::-moz-selection { background-color: #E13300; color: white; }

body {
	background-color: #fff;
	margin: 40px;
	font: 13px/20px normal Helvetica, Arial, sans-serif;
	color: #4F5155;
}

a {
	color: #003399;
	background-color: transparent;
	font-weight: normal;
}

h1 {
	color: #444;
	background-color: transparent;
	border-bottom: 1px solid #D0D0D0;
	font-size: 19px;
	font-weight: normal;
	margin: 0 0 14px 0;
	padding: 14px 15px 10px 15px;
}

code {
	font-family: Consolas, Monaco, Courier New, Courier, monospace;
	font-size: 12px;
	background-color: #f9f9f9;
	border: 1px solid #D0D0D0;
	color: #002166;
	display: block;
	margin: 14px 0 14px 0;
	padding: 12px 10px 12px 10px;
}

#container {
	margin: 10px;
	border: 1px solid #D0D0D0;
	box-shadow: 0 0 8px #D0D0D0;
}

p {
	margin: 12px 15px 12px 15px;
}
</style>
</head>
<body>
	<div id="container">
		<h1>A Database Error Occurred</h1>
		<p>Error Number: 1060</p><p>Duplicate column name 'form_email'</p><p>CREATE TABLE IF NOT EXISTS data_campaign_569(data_id INT(11) NOT NULL AUTO_INCREMENT, form_nama VARCHAR(255) NOT NULL, form_mobile_phone VARCHAR(50) NOT NULL, form_dob VARCHAR(255) DEFAULT NULL, form_usia VARCHAR(255) DEFAULT NULL, form_email VARCHAR(255) DEFAULT NULL, form_city VARCHAR(255) DEFAULT NULL, form_email VARCHAR(255) DEFAULT NULL, form_status ENUM('AGREE','DISAGREE','CONTACT','NOT CONTACT') DEFAULT NULL, assign_id int(11) NOT NULL, status VARCHAR(25) NULL COMMENT 'status of data', note text NOT NULL COMMENT 'last note of call from agent', `callback` datetime DEFAULT NULL, PRIMARY KEY (data_id)) ENGINE=InnoDB DEFAULT CHARSET=utf8mb4;</p><p>Filename: modules/admin/campaign/models/Campaign_model.php</p><p>Line Number: 269</p>	</div>
</body>
</html>
2019-09-20 09:28:51: Status error
2019-09-20 09:28:51: Error Internal Server Error
2019-09-20 09:29:04: 010  act submit call
2019-09-20 09:29:04: JQXHR response text <!DOCTYPE html>
<html lang="en">
<head>
<meta charset="utf-8">
<title>Database Error</title>
<style type="text/css">

::selection { background-color: #E13300; color: white; }
::-moz-selection { background-color: #E13300; color: white; }

body {
	background-color: #fff;
	margin: 40px;
	font: 13px/20px normal Helvetica, Arial, sans-serif;
	color: #4F5155;
}

a {
	color: #003399;
	background-color: transparent;
	font-weight: normal;
}

h1 {
	color: #444;
	background-color: transparent;
	border-bottom: 1px solid #D0D0D0;
	font-size: 19px;
	font-weight: normal;
	margin: 0 0 14px 0;
	padding: 14px 15px 10px 15px;
}

code {
	font-family: Consolas, Monaco, Courier New, Courier, monospace;
	font-size: 12px;
	background-color: #f9f9f9;
	border: 1px solid #D0D0D0;
	color: #002166;
	display: block;
	margin: 14px 0 14px 0;
	padding: 12px 10px 12px 10px;
}

#container {
	margin: 10px;
	border: 1px solid #D0D0D0;
	box-shadow: 0 0 8px #D0D0D0;
}

p {
	margin: 12px 15px 12px 15px;
}
</style>
</head>
<body>
	<div id="container">
		<h1>A Database Error Occurred</h1>
		<p>Error Number: 1060</p><p>Duplicate column name 'form_email'</p><p>CREATE TABLE IF NOT EXISTS data_campaign_570(data_id INT(11) NOT NULL AUTO_INCREMENT, form_nama VARCHAR(255) NOT NULL, form_mobile_phone VARCHAR(50) NOT NULL, form_dob VARCHAR(255) DEFAULT NULL, form_usia VARCHAR(255) DEFAULT NULL, form_email VARCHAR(255) DEFAULT NULL, form_city VARCHAR(255) DEFAULT NULL, form_email VARCHAR(255) DEFAULT NULL, form_status ENUM('AGREE','DISAGREE','CONTACT','NOT CONTACT') DEFAULT NULL, assign_id int(11) NOT NULL, status VARCHAR(25) NULL COMMENT 'status of data', note text NOT NULL COMMENT 'last note of call from agent', `callback` datetime DEFAULT NULL, PRIMARY KEY (data_id)) ENGINE=InnoDB DEFAULT CHARSET=utf8mb4;</p><p>Filename: modules/admin/campaign/models/Campaign_model.php</p><p>Line Number: 269</p>	</div>
</body>
</html>
2019-09-20 09:29:04: Status error
2019-09-20 09:29:04: Error Internal Server Error
2019-09-20 09:29:47: 010  act submit call
2019-09-20 09:29:47: JQXHR response text <!DOCTYPE html>
<html lang="en">
<head>
<meta charset="utf-8">
<title>Database Error</title>
<style type="text/css">

::selection { background-color: #E13300; color: white; }
::-moz-selection { background-color: #E13300; color: white; }

body {
	background-color: #fff;
	margin: 40px;
	font: 13px/20px normal Helvetica, Arial, sans-serif;
	color: #4F5155;
}

a {
	color: #003399;
	background-color: transparent;
	font-weight: normal;
}

h1 {
	color: #444;
	background-color: transparent;
	border-bottom: 1px solid #D0D0D0;
	font-size: 19px;
	font-weight: normal;
	margin: 0 0 14px 0;
	padding: 14px 15px 10px 15px;
}

code {
	font-family: Consolas, Monaco, Courier New, Courier, monospace;
	font-size: 12px;
	background-color: #f9f9f9;
	border: 1px solid #D0D0D0;
	color: #002166;
	display: block;
	margin: 14px 0 14px 0;
	padding: 12px 10px 12px 10px;
}

#container {
	margin: 10px;
	border: 1px solid #D0D0D0;
	box-shadow: 0 0 8px #D0D0D0;
}

p {
	margin: 12px 15px 12px 15px;
}
</style>
</head>
<body>
	<div id="container">
		<h1>A Database Error Occurred</h1>
		<p>Error Number: 1060</p><p>Duplicate column name 'form_email'</p><p>CREATE TABLE IF NOT EXISTS data_campaign_571(data_id INT(11) NOT NULL AUTO_INCREMENT, form_nama VARCHAR(255) NOT NULL, form_mobile_phone VARCHAR(50) NOT NULL, form_dob VARCHAR(255) DEFAULT NULL, form_usia VARCHAR(255) DEFAULT NULL, form_email VARCHAR(255) DEFAULT NULL, form_city VARCHAR(255) DEFAULT NULL, form_email VARCHAR(255) DEFAULT NULL, form_status ENUM('AGREE','DISAGREE','CONTACT','NOT CONTACT') DEFAULT NULL, assign_id int(11) NOT NULL, status VARCHAR(25) NULL COMMENT 'status of data', note text NOT NULL COMMENT 'last note of call from agent', `callback` datetime DEFAULT NULL, PRIMARY KEY (data_id)) ENGINE=InnoDB DEFAULT CHARSET=utf8mb4;</p><p>Filename: modules/admin/campaign/models/Campaign_model.php</p><p>Line Number: 269</p>	</div>
</body>
</html>
2019-09-20 09:29:47: Status error
2019-09-20 09:29:47: Error Internal Server Error
2019-09-20 09:30:31: 010  act submit call
2019-09-20 09:30:31: JQXHR response text <!DOCTYPE html>
<html lang="en">
<head>
<meta charset="utf-8">
<title>Database Error</title>
<style type="text/css">

::selection { background-color: #E13300; color: white; }
::-moz-selection { background-color: #E13300; color: white; }

body {
	background-color: #fff;
	margin: 40px;
	font: 13px/20px normal Helvetica, Arial, sans-serif;
	color: #4F5155;
}

a {
	color: #003399;
	background-color: transparent;
	font-weight: normal;
}

h1 {
	color: #444;
	background-color: transparent;
	border-bottom: 1px solid #D0D0D0;
	font-size: 19px;
	font-weight: normal;
	margin: 0 0 14px 0;
	padding: 14px 15px 10px 15px;
}

code {
	font-family: Consolas, Monaco, Courier New, Courier, monospace;
	font-size: 12px;
	background-color: #f9f9f9;
	border: 1px solid #D0D0D0;
	color: #002166;
	display: block;
	margin: 14px 0 14px 0;
	padding: 12px 10px 12px 10px;
}

#container {
	margin: 10px;
	border: 1px solid #D0D0D0;
	box-shadow: 0 0 8px #D0D0D0;
}

p {
	margin: 12px 15px 12px 15px;
}
</style>
</head>
<body>
	<div id="container">
		<h1>A Database Error Occurred</h1>
		<p>Error Number: 1060</p><p>Duplicate column name 'form_email'</p><p>CREATE TABLE IF NOT EXISTS data_campaign_572(data_id INT(11) NOT NULL AUTO_INCREMENT, form_nama VARCHAR(255) NOT NULL, form_mobile_phone VARCHAR(50) NOT NULL, form_dob VARCHAR(255) DEFAULT NULL, form_usia VARCHAR(255) DEFAULT NULL, form_email VARCHAR(255) DEFAULT NULL, form_city VARCHAR(255) DEFAULT NULL, form_email VARCHAR(255) DEFAULT NULL, form_status ENUM('AGREE','DISAGREE','CONTACT','NOT CONTACT') DEFAULT NULL, assign_id int(11) NOT NULL, status VARCHAR(25) NULL COMMENT 'status of data', note text NOT NULL COMMENT 'last note of call from agent', `callback` datetime DEFAULT NULL, PRIMARY KEY (data_id)) ENGINE=InnoDB DEFAULT CHARSET=utf8mb4;</p><p>Filename: modules/admin/campaign/models/Campaign_model.php</p><p>Line Number: 269</p>	</div>
</body>
</html>
2019-09-20 09:30:31: Status error
2019-09-20 09:30:31: Error Internal Server Error
2019-09-20 09:30:40: 010  act submit call
2019-09-20 09:30:40: JQXHR response text <!DOCTYPE html>
<html lang="en">
<head>
<meta charset="utf-8">
<title>Database Error</title>
<style type="text/css">

::selection { background-color: #E13300; color: white; }
::-moz-selection { background-color: #E13300; color: white; }

body {
	background-color: #fff;
	margin: 40px;
	font: 13px/20px normal Helvetica, Arial, sans-serif;
	color: #4F5155;
}

a {
	color: #003399;
	background-color: transparent;
	font-weight: normal;
}

h1 {
	color: #444;
	background-color: transparent;
	border-bottom: 1px solid #D0D0D0;
	font-size: 19px;
	font-weight: normal;
	margin: 0 0 14px 0;
	padding: 14px 15px 10px 15px;
}

code {
	font-family: Consolas, Monaco, Courier New, Courier, monospace;
	font-size: 12px;
	background-color: #f9f9f9;
	border: 1px solid #D0D0D0;
	color: #002166;
	display: block;
	margin: 14px 0 14px 0;
	padding: 12px 10px 12px 10px;
}

#container {
	margin: 10px;
	border: 1px solid #D0D0D0;
	box-shadow: 0 0 8px #D0D0D0;
}

p {
	margin: 12px 15px 12px 15px;
}
</style>
</head>
<body>
	<div id="container">
		<h1>A Database Error Occurred</h1>
		<p>Error Number: 1060</p><p>Duplicate column name 'form_email'</p><p>CREATE TABLE IF NOT EXISTS data_campaign_573(data_id INT(11) NOT NULL AUTO_INCREMENT, form_nama VARCHAR(255) NOT NULL, form_mobile_phone VARCHAR(50) NOT NULL, form_dob VARCHAR(255) DEFAULT NULL, form_usia VARCHAR(255) DEFAULT NULL, form_email VARCHAR(255) DEFAULT NULL, form_city VARCHAR(255) DEFAULT NULL, form_email VARCHAR(255) DEFAULT NULL, form_status ENUM('AGREE','DISAGREE','CONTACT','NOT CONTACT') DEFAULT NULL, assign_id int(11) NOT NULL, status VARCHAR(25) NULL COMMENT 'status of data', note text NOT NULL COMMENT 'last note of call from agent', `callback` datetime DEFAULT NULL, PRIMARY KEY (data_id)) ENGINE=InnoDB DEFAULT CHARSET=utf8mb4;</p><p>Filename: modules/admin/campaign/models/Campaign_model.php</p><p>Line Number: 269</p>	</div>
</body>
</html>
2019-09-20 09:30:40: Status error
2019-09-20 09:30:40: Error Internal Server Error
2019-09-20 15:50:15: 122002  act submit call
2019-09-20 15:50:15: JQXHR response text 
2019-09-20 15:50:15: Status error
2019-09-20 15:50:15: Error 
